<?xml version="1.0" encoding="utf-8"?><testsuites name="pytest tests"><testsuite name="pytest" errors="122" failures="0" skipped="0" tests="122" time="191.797" timestamp="2025-09-07T08:25:54.451351-05:00" hostname="DESKTOP-01RQ5CD"><testcase classname="" name="agents.tests.test_codegen_agent" time="0.000"><error message="collection failure">ImportError while importing test module 'D:\Code_Factory\Generator\agents\tests\test_codegen_agent.py'.
Hint: make sure your test modules/packages have valid Python names.
Traceback:
C:\Users\thego\AppData\Local\Programs\Python\Python310\lib\site-packages\_pytest\python.py:498: in importtestmodule
    mod = import_path(
C:\Users\thego\AppData\Local\Programs\Python\Python310\lib\site-packages\_pytest\pathlib.py:587: in import_path
    importlib.import_module(module_name)
C:\Users\thego\AppData\Local\Programs\Python\Python310\lib\importlib\__init__.py:126: in import_module
    return _bootstrap._gcd_import(name[level:], package, level)
&lt;frozen importlib._bootstrap&gt;:1050: in _gcd_import
    ???
&lt;frozen importlib._bootstrap&gt;:1027: in _find_and_load
    ???
&lt;frozen importlib._bootstrap&gt;:1006: in _find_and_load_unlocked
    ???
&lt;frozen importlib._bootstrap&gt;:688: in _load_unlocked
    ???
C:\Users\thego\AppData\Local\Programs\Python\Python310\lib\site-packages\_pytest\assertion\rewrite.py:186: in exec_module
    exec(co, module.__dict__)
agents\tests\test_codegen_agent.py:22: in &lt;module&gt;
    from freezegun import freeze_time
E   ModuleNotFoundError: No module named 'freezegun'</error></testcase><testcase classname="" name="agents.tests.test_codegen_llm_call" time="0.000"><error message="collection failure">ImportError while importing test module 'D:\Code_Factory\Generator\agents\tests\test_codegen_llm_call.py'.
Hint: make sure your test modules/packages have valid Python names.
Traceback:
C:\Users\thego\AppData\Local\Programs\Python\Python310\lib\site-packages\_pytest\python.py:498: in importtestmodule
    mod = import_path(
C:\Users\thego\AppData\Local\Programs\Python\Python310\lib\site-packages\_pytest\pathlib.py:587: in import_path
    importlib.import_module(module_name)
C:\Users\thego\AppData\Local\Programs\Python\Python310\lib\importlib\__init__.py:126: in import_module
    return _bootstrap._gcd_import(name[level:], package, level)
&lt;frozen importlib._bootstrap&gt;:1050: in _gcd_import
    ???
&lt;frozen importlib._bootstrap&gt;:1027: in _find_and_load
    ???
&lt;frozen importlib._bootstrap&gt;:1006: in _find_and_load_unlocked
    ???
&lt;frozen importlib._bootstrap&gt;:688: in _load_unlocked
    ???
C:\Users\thego\AppData\Local\Programs\Python\Python310\lib\site-packages\_pytest\assertion\rewrite.py:186: in exec_module
    exec(co, module.__dict__)
agents\tests\test_codegen_llm_call.py:23: in &lt;module&gt;
    from freezegun import freeze_time
E   ModuleNotFoundError: No module named 'freezegun'</error></testcase><testcase classname="" name="agents.tests.test_codegen_prompt" time="0.000"><error message="collection failure">ImportError while importing test module 'D:\Code_Factory\Generator\agents\tests\test_codegen_prompt.py'.
Hint: make sure your test modules/packages have valid Python names.
Traceback:
C:\Users\thego\AppData\Local\Programs\Python\Python310\lib\site-packages\_pytest\python.py:498: in importtestmodule
    mod = import_path(
C:\Users\thego\AppData\Local\Programs\Python\Python310\lib\site-packages\_pytest\pathlib.py:587: in import_path
    importlib.import_module(module_name)
C:\Users\thego\AppData\Local\Programs\Python\Python310\lib\importlib\__init__.py:126: in import_module
    return _bootstrap._gcd_import(name[level:], package, level)
&lt;frozen importlib._bootstrap&gt;:1050: in _gcd_import
    ???
&lt;frozen importlib._bootstrap&gt;:1027: in _find_and_load
    ???
&lt;frozen importlib._bootstrap&gt;:1006: in _find_and_load_unlocked
    ???
&lt;frozen importlib._bootstrap&gt;:688: in _load_unlocked
    ???
C:\Users\thego\AppData\Local\Programs\Python\Python310\lib\site-packages\_pytest\assertion\rewrite.py:186: in exec_module
    exec(co, module.__dict__)
agents\tests\test_codegen_prompt.py:23: in &lt;module&gt;
    from freezegun import freeze_time
E   ModuleNotFoundError: No module named 'freezegun'</error></testcase><testcase classname="" name="agents.tests.test_codegen_response_handler" time="0.000"><error message="collection failure">ImportError while importing test module 'D:\Code_Factory\Generator\agents\tests\test_codegen_response_handler.py'.
Hint: make sure your test modules/packages have valid Python names.
Traceback:
C:\Users\thego\AppData\Local\Programs\Python\Python310\lib\site-packages\_pytest\python.py:498: in importtestmodule
    mod = import_path(
C:\Users\thego\AppData\Local\Programs\Python\Python310\lib\site-packages\_pytest\pathlib.py:587: in import_path
    importlib.import_module(module_name)
C:\Users\thego\AppData\Local\Programs\Python\Python310\lib\importlib\__init__.py:126: in import_module
    return _bootstrap._gcd_import(name[level:], package, level)
&lt;frozen importlib._bootstrap&gt;:1050: in _gcd_import
    ???
&lt;frozen importlib._bootstrap&gt;:1027: in _find_and_load
    ???
&lt;frozen importlib._bootstrap&gt;:1006: in _find_and_load_unlocked
    ???
&lt;frozen importlib._bootstrap&gt;:688: in _load_unlocked
    ???
C:\Users\thego\AppData\Local\Programs\Python\Python310\lib\site-packages\_pytest\assertion\rewrite.py:186: in exec_module
    exec(co, module.__dict__)
agents\tests\test_codegen_response_handler.py:20: in &lt;module&gt;
    from agents.codegen_response_handler import (
E   ModuleNotFoundError: No module named 'agents'</error></testcase><testcase classname="" name="agents.tests.test_critique_agent" time="0.000"><error message="collection failure">ImportError while importing test module 'D:\Code_Factory\Generator\agents\tests\test_critique_agent.py'.
Hint: make sure your test modules/packages have valid Python names.
Traceback:
C:\Users\thego\AppData\Local\Programs\Python\Python310\lib\site-packages\_pytest\python.py:498: in importtestmodule
    mod = import_path(
C:\Users\thego\AppData\Local\Programs\Python\Python310\lib\site-packages\_pytest\pathlib.py:587: in import_path
    importlib.import_module(module_name)
C:\Users\thego\AppData\Local\Programs\Python\Python310\lib\importlib\__init__.py:126: in import_module
    return _bootstrap._gcd_import(name[level:], package, level)
&lt;frozen importlib._bootstrap&gt;:1050: in _gcd_import
    ???
&lt;frozen importlib._bootstrap&gt;:1027: in _find_and_load
    ???
&lt;frozen importlib._bootstrap&gt;:1006: in _find_and_load_unlocked
    ???
&lt;frozen importlib._bootstrap&gt;:688: in _load_unlocked
    ???
C:\Users\thego\AppData\Local\Programs\Python\Python310\lib\site-packages\_pytest\assertion\rewrite.py:186: in exec_module
    exec(co, module.__dict__)
agents\tests\test_critique_agent.py:12: in &lt;module&gt;
    from critique_agent import (
E   ImportError: cannot import name 'CritiqueConfig' from 'critique_agent' (D:\Code_Factory\Generator\agents\critique_agent\__init__.py)</error></testcase><testcase classname="" name="agents.tests.test_critique_fixer" time="0.000"><error message="collection failure">ImportError while importing test module 'D:\Code_Factory\Generator\agents\tests\test_critique_fixer.py'.
Hint: make sure your test modules/packages have valid Python names.
Traceback:
C:\Users\thego\AppData\Local\Programs\Python\Python310\lib\site-packages\_pytest\python.py:498: in importtestmodule
    mod = import_path(
C:\Users\thego\AppData\Local\Programs\Python\Python310\lib\site-packages\_pytest\pathlib.py:587: in import_path
    importlib.import_module(module_name)
C:\Users\thego\AppData\Local\Programs\Python\Python310\lib\importlib\__init__.py:126: in import_module
    return _bootstrap._gcd_import(name[level:], package, level)
&lt;frozen importlib._bootstrap&gt;:1050: in _gcd_import
    ???
&lt;frozen importlib._bootstrap&gt;:1027: in _find_and_load
    ???
&lt;frozen importlib._bootstrap&gt;:1006: in _find_and_load_unlocked
    ???
&lt;frozen importlib._bootstrap&gt;:688: in _load_unlocked
    ???
C:\Users\thego\AppData\Local\Programs\Python\Python310\lib\site-packages\_pytest\assertion\rewrite.py:186: in exec_module
    exec(co, module.__dict__)
agents\tests\test_critique_fixer.py:15: in &lt;module&gt;
    from critique_fixer import (
E   ModuleNotFoundError: No module named 'critique_fixer'</error></testcase><testcase classname="" name="agents.tests.test_critique_integration" time="0.000"><error message="collection failure">ImportError while importing test module 'D:\Code_Factory\Generator\agents\tests\test_critique_integration.py'.
Hint: make sure your test modules/packages have valid Python names.
Traceback:
C:\Users\thego\AppData\Local\Programs\Python\Python310\lib\site-packages\_pytest\python.py:498: in importtestmodule
    mod = import_path(
C:\Users\thego\AppData\Local\Programs\Python\Python310\lib\site-packages\_pytest\pathlib.py:587: in import_path
    importlib.import_module(module_name)
C:\Users\thego\AppData\Local\Programs\Python\Python310\lib\importlib\__init__.py:126: in import_module
    return _bootstrap._gcd_import(name[level:], package, level)
&lt;frozen importlib._bootstrap&gt;:1050: in _gcd_import
    ???
&lt;frozen importlib._bootstrap&gt;:1027: in _find_and_load
    ???
&lt;frozen importlib._bootstrap&gt;:1006: in _find_and_load_unlocked
    ???
&lt;frozen importlib._bootstrap&gt;:688: in _load_unlocked
    ???
C:\Users\thego\AppData\Local\Programs\Python\Python310\lib\site-packages\_pytest\assertion\rewrite.py:186: in exec_module
    exec(co, module.__dict__)
agents\tests\test_critique_integration.py:15: in &lt;module&gt;
    from critique_agent import (
E   ImportError: cannot import name 'orchestrate_critique_pipeline' from 'critique_agent' (D:\Code_Factory\Generator\agents\critique_agent\__init__.py)</error></testcase><testcase classname="" name="agents.tests.test_critique_linter" time="0.000"><error message="collection failure">ImportError while importing test module 'D:\Code_Factory\Generator\agents\tests\test_critique_linter.py'.
Hint: make sure your test modules/packages have valid Python names.
Traceback:
C:\Users\thego\AppData\Local\Programs\Python\Python310\lib\site-packages\_pytest\python.py:498: in importtestmodule
    mod = import_path(
C:\Users\thego\AppData\Local\Programs\Python\Python310\lib\site-packages\_pytest\pathlib.py:587: in import_path
    importlib.import_module(module_name)
C:\Users\thego\AppData\Local\Programs\Python\Python310\lib\importlib\__init__.py:126: in import_module
    return _bootstrap._gcd_import(name[level:], package, level)
&lt;frozen importlib._bootstrap&gt;:1050: in _gcd_import
    ???
&lt;frozen importlib._bootstrap&gt;:1027: in _find_and_load
    ???
&lt;frozen importlib._bootstrap&gt;:1006: in _find_and_load_unlocked
    ???
&lt;frozen importlib._bootstrap&gt;:688: in _load_unlocked
    ???
C:\Users\thego\AppData\Local\Programs\Python\Python310\lib\site-packages\_pytest\assertion\rewrite.py:186: in exec_module
    exec(co, module.__dict__)
agents\tests\test_critique_linter.py:14: in &lt;module&gt;
    from critique_linter import (
E   ModuleNotFoundError: No module named 'critique_linter'</error></testcase><testcase classname="" name="agents.tests.test_critique_llm_call" time="0.000"><error message="collection failure">ImportError while importing test module 'D:\Code_Factory\Generator\agents\tests\test_critique_llm_call.py'.
Hint: make sure your test modules/packages have valid Python names.
Traceback:
C:\Users\thego\AppData\Local\Programs\Python\Python310\lib\site-packages\_pytest\python.py:498: in importtestmodule
    mod = import_path(
C:\Users\thego\AppData\Local\Programs\Python\Python310\lib\site-packages\_pytest\pathlib.py:587: in import_path
    importlib.import_module(module_name)
C:\Users\thego\AppData\Local\Programs\Python\Python310\lib\importlib\__init__.py:126: in import_module
    return _bootstrap._gcd_import(name[level:], package, level)
&lt;frozen importlib._bootstrap&gt;:1050: in _gcd_import
    ???
&lt;frozen importlib._bootstrap&gt;:1027: in _find_and_load
    ???
&lt;frozen importlib._bootstrap&gt;:1006: in _find_and_load_unlocked
    ???
&lt;frozen importlib._bootstrap&gt;:688: in _load_unlocked
    ???
C:\Users\thego\AppData\Local\Programs\Python\Python310\lib\site-packages\_pytest\assertion\rewrite.py:186: in exec_module
    exec(co, module.__dict__)
agents\tests\test_critique_llm_call.py:16: in &lt;module&gt;
    from critique_llm_call import (
E   ModuleNotFoundError: No module named 'critique_llm_call'</error></testcase><testcase classname="" name="agents.tests.test_critique_prompt" time="0.000"><error message="collection failure">ImportError while importing test module 'D:\Code_Factory\Generator\agents\tests\test_critique_prompt.py'.
Hint: make sure your test modules/packages have valid Python names.
Traceback:
C:\Users\thego\AppData\Local\Programs\Python\Python310\lib\site-packages\_pytest\python.py:498: in importtestmodule
    mod = import_path(
C:\Users\thego\AppData\Local\Programs\Python\Python310\lib\site-packages\_pytest\pathlib.py:587: in import_path
    importlib.import_module(module_name)
C:\Users\thego\AppData\Local\Programs\Python\Python310\lib\importlib\__init__.py:126: in import_module
    return _bootstrap._gcd_import(name[level:], package, level)
&lt;frozen importlib._bootstrap&gt;:1050: in _gcd_import
    ???
&lt;frozen importlib._bootstrap&gt;:1027: in _find_and_load
    ???
&lt;frozen importlib._bootstrap&gt;:1006: in _find_and_load_unlocked
    ???
&lt;frozen importlib._bootstrap&gt;:688: in _load_unlocked
    ???
C:\Users\thego\AppData\Local\Programs\Python\Python310\lib\site-packages\_pytest\assertion\rewrite.py:186: in exec_module
    exec(co, module.__dict__)
agents\tests\test_critique_prompt.py:16: in &lt;module&gt;
    from critique_prompt import (
E   ModuleNotFoundError: No module named 'critique_prompt'</error></testcase><testcase classname="" name="agents.tests.test_deploy_agent" time="0.000"><error message="collection failure">ImportError while importing test module 'D:\Code_Factory\Generator\agents\tests\test_deploy_agent.py'.
Hint: make sure your test modules/packages have valid Python names.
Traceback:
C:\Users\thego\AppData\Local\Programs\Python\Python310\lib\site-packages\_pytest\python.py:498: in importtestmodule
    mod = import_path(
C:\Users\thego\AppData\Local\Programs\Python\Python310\lib\site-packages\_pytest\pathlib.py:587: in import_path
    importlib.import_module(module_name)
C:\Users\thego\AppData\Local\Programs\Python\Python310\lib\importlib\__init__.py:126: in import_module
    return _bootstrap._gcd_import(name[level:], package, level)
&lt;frozen importlib._bootstrap&gt;:1050: in _gcd_import
    ???
&lt;frozen importlib._bootstrap&gt;:1027: in _find_and_load
    ???
&lt;frozen importlib._bootstrap&gt;:1006: in _find_and_load_unlocked
    ???
&lt;frozen importlib._bootstrap&gt;:688: in _load_unlocked
    ???
C:\Users\thego\AppData\Local\Programs\Python\Python310\lib\site-packages\_pytest\assertion\rewrite.py:186: in exec_module
    exec(co, module.__dict__)
agents\tests\test_deploy_agent.py:30: in &lt;module&gt;
    from freezegun import freeze_time
E   ModuleNotFoundError: No module named 'freezegun'</error></testcase><testcase classname="" name="agents.tests.test_deploy_llm_call" time="0.000"><error message="collection failure">ImportError while importing test module 'D:\Code_Factory\Generator\agents\tests\test_deploy_llm_call.py'.
Hint: make sure your test modules/packages have valid Python names.
Traceback:
C:\Users\thego\AppData\Local\Programs\Python\Python310\lib\site-packages\_pytest\python.py:498: in importtestmodule
    mod = import_path(
C:\Users\thego\AppData\Local\Programs\Python\Python310\lib\site-packages\_pytest\pathlib.py:587: in import_path
    importlib.import_module(module_name)
C:\Users\thego\AppData\Local\Programs\Python\Python310\lib\importlib\__init__.py:126: in import_module
    return _bootstrap._gcd_import(name[level:], package, level)
&lt;frozen importlib._bootstrap&gt;:1050: in _gcd_import
    ???
&lt;frozen importlib._bootstrap&gt;:1027: in _find_and_load
    ???
&lt;frozen importlib._bootstrap&gt;:1006: in _find_and_load_unlocked
    ???
&lt;frozen importlib._bootstrap&gt;:688: in _load_unlocked
    ???
C:\Users\thego\AppData\Local\Programs\Python\Python310\lib\site-packages\_pytest\assertion\rewrite.py:186: in exec_module
    exec(co, module.__dict__)
agents\tests\test_deploy_llm_call.py:33: in &lt;module&gt;
    from freezegun import freeze_time
E   ModuleNotFoundError: No module named 'freezegun'</error></testcase><testcase classname="" name="agents.tests.test_deploy_prompt" time="0.000"><error message="collection failure">ImportError while importing test module 'D:\Code_Factory\Generator\agents\tests\test_deploy_prompt.py'.
Hint: make sure your test modules/packages have valid Python names.
Traceback:
C:\Users\thego\AppData\Local\Programs\Python\Python310\lib\site-packages\_pytest\python.py:498: in importtestmodule
    mod = import_path(
C:\Users\thego\AppData\Local\Programs\Python\Python310\lib\site-packages\_pytest\pathlib.py:587: in import_path
    importlib.import_module(module_name)
C:\Users\thego\AppData\Local\Programs\Python\Python310\lib\importlib\__init__.py:126: in import_module
    return _bootstrap._gcd_import(name[level:], package, level)
&lt;frozen importlib._bootstrap&gt;:1050: in _gcd_import
    ???
&lt;frozen importlib._bootstrap&gt;:1027: in _find_and_load
    ???
&lt;frozen importlib._bootstrap&gt;:1006: in _find_and_load_unlocked
    ???
&lt;frozen importlib._bootstrap&gt;:688: in _load_unlocked
    ???
C:\Users\thego\AppData\Local\Programs\Python\Python310\lib\site-packages\_pytest\assertion\rewrite.py:186: in exec_module
    exec(co, module.__dict__)
agents\tests\test_deploy_prompt.py:33: in &lt;module&gt;
    from freezegun import freeze_time
E   ModuleNotFoundError: No module named 'freezegun'</error></testcase><testcase classname="" name="agents.tests.test_deploy_response_handler" time="0.000"><error message="collection failure">C:\Users\thego\AppData\Local\Programs\Python\Python310\lib\site-packages\_pytest\python.py:498: in importtestmodule
    mod = import_path(
C:\Users\thego\AppData\Local\Programs\Python\Python310\lib\site-packages\_pytest\pathlib.py:587: in import_path
    importlib.import_module(module_name)
C:\Users\thego\AppData\Local\Programs\Python\Python310\lib\importlib\__init__.py:126: in import_module
    return _bootstrap._gcd_import(name[level:], package, level)
&lt;frozen importlib._bootstrap&gt;:1050: in _gcd_import
    ???
&lt;frozen importlib._bootstrap&gt;:1027: in _find_and_load
    ???
&lt;frozen importlib._bootstrap&gt;:1006: in _find_and_load_unlocked
    ???
&lt;frozen importlib._bootstrap&gt;:688: in _load_unlocked
    ???
C:\Users\thego\AppData\Local\Programs\Python\Python310\lib\site-packages\_pytest\assertion\rewrite.py:177: in exec_module
    source_stat, co = _rewrite_test(fn, self.config)
C:\Users\thego\AppData\Local\Programs\Python\Python310\lib\site-packages\_pytest\assertion\rewrite.py:357: in _rewrite_test
    tree = ast.parse(source, filename=strfn)
C:\Users\thego\AppData\Local\Programs\Python\Python310\lib\ast.py:50: in parse
    return compile(source, filename, mode, flags,
E     File "D:\Code_Factory\Generator\agents\tests\test_deploy_response_handler.py", line 911
E       (ConfigFactory.create_dockerfile(), "dockerfile"),
E       ^^^^^^^^^^^^^^^^^^^^^^^^^^^^^^^^^
E   SyntaxError: did you forget parentheses around the comprehension target?</error></testcase><testcase classname="" name="agents.tests.test_deployment_intergration_codegen" time="0.000"><error message="collection failure">ImportError while importing test module 'D:\Code_Factory\Generator\agents\tests\test_deployment_intergration_codegen.py'.
Hint: make sure your test modules/packages have valid Python names.
Traceback:
C:\Users\thego\AppData\Local\Programs\Python\Python310\lib\site-packages\_pytest\python.py:498: in importtestmodule
    mod = import_path(
C:\Users\thego\AppData\Local\Programs\Python\Python310\lib\site-packages\_pytest\pathlib.py:587: in import_path
    importlib.import_module(module_name)
C:\Users\thego\AppData\Local\Programs\Python\Python310\lib\importlib\__init__.py:126: in import_module
    return _bootstrap._gcd_import(name[level:], package, level)
&lt;frozen importlib._bootstrap&gt;:1050: in _gcd_import
    ???
&lt;frozen importlib._bootstrap&gt;:1027: in _find_and_load
    ???
&lt;frozen importlib._bootstrap&gt;:1006: in _find_and_load_unlocked
    ???
&lt;frozen importlib._bootstrap&gt;:688: in _load_unlocked
    ???
C:\Users\thego\AppData\Local\Programs\Python\Python310\lib\site-packages\_pytest\assertion\rewrite.py:186: in exec_module
    exec(co, module.__dict__)
agents\tests\test_deployment_intergration_codegen.py:26: in &lt;module&gt;
    from agents.codegen_agent import generate_code
E   ModuleNotFoundError: No module named 'agents'</error></testcase><testcase classname="" name="agents.tests.test_docgen_agent" time="0.000"><error message="collection failure">ImportError while importing test module 'D:\Code_Factory\Generator\agents\tests\test_docgen_agent.py'.
Hint: make sure your test modules/packages have valid Python names.
Traceback:
C:\Users\thego\AppData\Local\Programs\Python\Python310\lib\site-packages\_pytest\python.py:498: in importtestmodule
    mod = import_path(
C:\Users\thego\AppData\Local\Programs\Python\Python310\lib\site-packages\_pytest\pathlib.py:587: in import_path
    importlib.import_module(module_name)
C:\Users\thego\AppData\Local\Programs\Python\Python310\lib\importlib\__init__.py:126: in import_module
    return _bootstrap._gcd_import(name[level:], package, level)
&lt;frozen importlib._bootstrap&gt;:1050: in _gcd_import
    ???
&lt;frozen importlib._bootstrap&gt;:1027: in _find_and_load
    ???
&lt;frozen importlib._bootstrap&gt;:1006: in _find_and_load_unlocked
    ???
&lt;frozen importlib._bootstrap&gt;:688: in _load_unlocked
    ???
C:\Users\thego\AppData\Local\Programs\Python\Python310\lib\site-packages\_pytest\assertion\rewrite.py:186: in exec_module
    exec(co, module.__dict__)
agents\tests\test_docgen_agent.py:46: in &lt;module&gt;
    from freezegun import freeze_time
E   ModuleNotFoundError: No module named 'freezegun'</error></testcase><testcase classname="" name="agents.tests.test_docgen_integration" time="0.000"><error message="collection failure">C:\Users\thego\AppData\Local\Programs\Python\Python310\lib\site-packages\_pytest\python.py:498: in importtestmodule
    mod = import_path(
C:\Users\thego\AppData\Local\Programs\Python\Python310\lib\site-packages\_pytest\pathlib.py:587: in import_path
    importlib.import_module(module_name)
C:\Users\thego\AppData\Local\Programs\Python\Python310\lib\importlib\__init__.py:126: in import_module
    return _bootstrap._gcd_import(name[level:], package, level)
&lt;frozen importlib._bootstrap&gt;:1050: in _gcd_import
    ???
&lt;frozen importlib._bootstrap&gt;:1027: in _find_and_load
    ???
&lt;frozen importlib._bootstrap&gt;:1006: in _find_and_load_unlocked
    ???
&lt;frozen importlib._bootstrap&gt;:688: in _load_unlocked
    ???
C:\Users\thego\AppData\Local\Programs\Python\Python310\lib\site-packages\_pytest\assertion\rewrite.py:177: in exec_module
    source_stat, co = _rewrite_test(fn, self.config)
C:\Users\thego\AppData\Local\Programs\Python\Python310\lib\site-packages\_pytest\assertion\rewrite.py:357: in _rewrite_test
    tree = ast.parse(source, filename=strfn)
C:\Users\thego\AppData\Local\Programs\Python\Python310\lib\ast.py:50: in parse
    return compile(source, filename, mode, flags,
E     File "D:\Code_Factory\Generator\agents\tests\test_docgen_integration.py", line 223
E       readme.write_text("""
E                         ^
E   SyntaxError: unterminated triple-quoted string literal (detected at line 231)</error></testcase><testcase classname="" name="agents.tests.test_docgen_llm_call" time="0.000"><error message="collection failure">ImportError while importing test module 'D:\Code_Factory\Generator\agents\tests\test_docgen_llm_call.py'.
Hint: make sure your test modules/packages have valid Python names.
Traceback:
C:\Users\thego\AppData\Local\Programs\Python\Python310\lib\site-packages\_pytest\python.py:498: in importtestmodule
    mod = import_path(
C:\Users\thego\AppData\Local\Programs\Python\Python310\lib\site-packages\_pytest\pathlib.py:587: in import_path
    importlib.import_module(module_name)
C:\Users\thego\AppData\Local\Programs\Python\Python310\lib\importlib\__init__.py:126: in import_module
    return _bootstrap._gcd_import(name[level:], package, level)
&lt;frozen importlib._bootstrap&gt;:1050: in _gcd_import
    ???
&lt;frozen importlib._bootstrap&gt;:1027: in _find_and_load
    ???
&lt;frozen importlib._bootstrap&gt;:1006: in _find_and_load_unlocked
    ???
&lt;frozen importlib._bootstrap&gt;:688: in _load_unlocked
    ???
C:\Users\thego\AppData\Local\Programs\Python\Python310\lib\site-packages\_pytest\assertion\rewrite.py:186: in exec_module
    exec(co, module.__dict__)
agents\tests\test_docgen_llm_call.py:52: in &lt;module&gt;
    from freezegun import freeze_time
E   ModuleNotFoundError: No module named 'freezegun'</error></testcase><testcase classname="" name="agents.tests.test_docgen_prompt" time="0.000"><error message="collection failure">ImportError while importing test module 'D:\Code_Factory\Generator\agents\tests\test_docgen_prompt.py'.
Hint: make sure your test modules/packages have valid Python names.
Traceback:
C:\Users\thego\AppData\Local\Programs\Python\Python310\lib\site-packages\_pytest\python.py:498: in importtestmodule
    mod = import_path(
C:\Users\thego\AppData\Local\Programs\Python\Python310\lib\site-packages\_pytest\pathlib.py:587: in import_path
    importlib.import_module(module_name)
C:\Users\thego\AppData\Local\Programs\Python\Python310\lib\importlib\__init__.py:126: in import_module
    return _bootstrap._gcd_import(name[level:], package, level)
&lt;frozen importlib._bootstrap&gt;:1050: in _gcd_import
    ???
&lt;frozen importlib._bootstrap&gt;:1027: in _find_and_load
    ???
&lt;frozen importlib._bootstrap&gt;:1006: in _find_and_load_unlocked
    ???
&lt;frozen importlib._bootstrap&gt;:688: in _load_unlocked
    ???
C:\Users\thego\AppData\Local\Programs\Python\Python310\lib\site-packages\_pytest\assertion\rewrite.py:186: in exec_module
    exec(co, module.__dict__)
agents\tests\test_docgen_prompt.py:53: in &lt;module&gt;
    from freezegun import freeze_time
E   ModuleNotFoundError: No module named 'freezegun'</error></testcase><testcase classname="" name="agents.tests.test_docgen_response_handler" time="0.000"><error message="collection failure">C:\Users\thego\AppData\Local\Programs\Python\Python310\lib\site-packages\_pytest\python.py:498: in importtestmodule
    mod = import_path(
C:\Users\thego\AppData\Local\Programs\Python\Python310\lib\site-packages\_pytest\pathlib.py:587: in import_path
    importlib.import_module(module_name)
C:\Users\thego\AppData\Local\Programs\Python\Python310\lib\importlib\__init__.py:126: in import_module
    return _bootstrap._gcd_import(name[level:], package, level)
&lt;frozen importlib._bootstrap&gt;:1050: in _gcd_import
    ???
&lt;frozen importlib._bootstrap&gt;:1027: in _find_and_load
    ???
&lt;frozen importlib._bootstrap&gt;:1006: in _find_and_load_unlocked
    ???
&lt;frozen importlib._bootstrap&gt;:688: in _load_unlocked
    ???
C:\Users\thego\AppData\Local\Programs\Python\Python310\lib\site-packages\_pytest\assertion\rewrite.py:177: in exec_module
    source_stat, co = _rewrite_test(fn, self.config)
C:\Users\thego\AppData\Local\Programs\Python\Python310\lib\site-packages\_pytest\assertion\rewrite.py:357: in _rewrite_test
    tree = ast.parse(source, filename=strfn)
C:\Users\thego\AppData\Local\Programs\Python\Python310\lib\ast.py:50: in parse
    return compile(source, filename, mode, flags,
E     File "D:\Code_Factory\Generator\agents\tests\test_docgen_response_handler.py", line 199
E       return """# Sample Documentation
E              ^
E   SyntaxError: unterminated triple-quoted string literal (detected at line 206)</error></testcase><testcase classname="" name="agents.tests.test_docgen_validator" time="0.000"><error message="collection failure">ImportError while importing test module 'D:\Code_Factory\Generator\agents\tests\test_docgen_validator.py'.
Hint: make sure your test modules/packages have valid Python names.
Traceback:
C:\Users\thego\AppData\Local\Programs\Python\Python310\lib\site-packages\_pytest\python.py:498: in importtestmodule
    mod = import_path(
C:\Users\thego\AppData\Local\Programs\Python\Python310\lib\site-packages\_pytest\pathlib.py:587: in import_path
    importlib.import_module(module_name)
C:\Users\thego\AppData\Local\Programs\Python\Python310\lib\importlib\__init__.py:126: in import_module
    return _bootstrap._gcd_import(name[level:], package, level)
&lt;frozen importlib._bootstrap&gt;:1050: in _gcd_import
    ???
&lt;frozen importlib._bootstrap&gt;:1027: in _find_and_load
    ???
&lt;frozen importlib._bootstrap&gt;:1006: in _find_and_load_unlocked
    ???
&lt;frozen importlib._bootstrap&gt;:688: in _load_unlocked
    ???
C:\Users\thego\AppData\Local\Programs\Python\Python310\lib\site-packages\_pytest\assertion\rewrite.py:186: in exec_module
    exec(co, module.__dict__)
agents\tests\test_docgen_validator.py:33: in &lt;module&gt;
    from pytest_benchmark.fixture import BenchmarkFixture
E   ModuleNotFoundError: No module named 'pytest_benchmark'</error></testcase><testcase classname="" name="agents.tests.test_e2e_deployment" time="0.000"><error message="collection failure">C:\Users\thego\AppData\Local\Programs\Python\Python310\lib\site-packages\_pytest\python.py:498: in importtestmodule
    mod = import_path(
C:\Users\thego\AppData\Local\Programs\Python\Python310\lib\site-packages\_pytest\pathlib.py:587: in import_path
    importlib.import_module(module_name)
C:\Users\thego\AppData\Local\Programs\Python\Python310\lib\importlib\__init__.py:126: in import_module
    return _bootstrap._gcd_import(name[level:], package, level)
&lt;frozen importlib._bootstrap&gt;:1050: in _gcd_import
    ???
&lt;frozen importlib._bootstrap&gt;:1027: in _find_and_load
    ???
&lt;frozen importlib._bootstrap&gt;:1006: in _find_and_load_unlocked
    ???
&lt;frozen importlib._bootstrap&gt;:688: in _load_unlocked
    ???
C:\Users\thego\AppData\Local\Programs\Python\Python310\lib\site-packages\_pytest\assertion\rewrite.py:177: in exec_module
    source_stat, co = _rewrite_test(fn, self.config)
C:\Users\thego\AppData\Local\Programs\Python\Python310\lib\site-packages\_pytest\assertion\rewrite.py:357: in _rewrite_test
    tree = ast.parse(source, filename=strfn)
C:\Users\thego\AppData\Local\Programs\Python\Python310\lib\ast.py:50: in parse
    return compile(source, filename, mode, flags,
E     File "D:\Code_Factory\Generator\agents\tests\test_e2e_deployment.py", line 187
E       )
E       ^
E   SyntaxError: closing parenthesis ')' does not match opening parenthesis '{' on line 170</error></testcase><testcase classname="" name="agents.tests.test_e2e_generator_pipeline" time="0.000"><error message="collection failure">ImportError while importing test module 'D:\Code_Factory\Generator\agents\tests\test_e2e_generator_pipeline.py'.
Hint: make sure your test modules/packages have valid Python names.
Traceback:
C:\Users\thego\AppData\Local\Programs\Python\Python310\lib\site-packages\_pytest\python.py:498: in importtestmodule
    mod = import_path(
C:\Users\thego\AppData\Local\Programs\Python\Python310\lib\site-packages\_pytest\pathlib.py:587: in import_path
    importlib.import_module(module_name)
C:\Users\thego\AppData\Local\Programs\Python\Python310\lib\importlib\__init__.py:126: in import_module
    return _bootstrap._gcd_import(name[level:], package, level)
&lt;frozen importlib._bootstrap&gt;:1050: in _gcd_import
    ???
&lt;frozen importlib._bootstrap&gt;:1027: in _find_and_load
    ???
&lt;frozen importlib._bootstrap&gt;:1006: in _find_and_load_unlocked
    ???
&lt;frozen importlib._bootstrap&gt;:688: in _load_unlocked
    ???
C:\Users\thego\AppData\Local\Programs\Python\Python310\lib\site-packages\_pytest\assertion\rewrite.py:186: in exec_module
    exec(co, module.__dict__)
agents\tests\test_e2e_generator_pipeline.py:36: in &lt;module&gt;
    from freezegun import freeze_time
E   ModuleNotFoundError: No module named 'freezegun'</error></testcase><testcase classname="" name="agents.tests.test_e2e_testgen" time="0.000"><error message="collection failure">ImportError while importing test module 'D:\Code_Factory\Generator\agents\tests\test_e2e_testgen.py'.
Hint: make sure your test modules/packages have valid Python names.
Traceback:
C:\Users\thego\AppData\Local\Programs\Python\Python310\lib\site-packages\_pytest\python.py:498: in importtestmodule
    mod = import_path(
C:\Users\thego\AppData\Local\Programs\Python\Python310\lib\site-packages\_pytest\pathlib.py:587: in import_path
    importlib.import_module(module_name)
C:\Users\thego\AppData\Local\Programs\Python\Python310\lib\importlib\__init__.py:126: in import_module
    return _bootstrap._gcd_import(name[level:], package, level)
&lt;frozen importlib._bootstrap&gt;:1050: in _gcd_import
    ???
&lt;frozen importlib._bootstrap&gt;:1027: in _find_and_load
    ???
&lt;frozen importlib._bootstrap&gt;:1006: in _find_and_load_unlocked
    ???
&lt;frozen importlib._bootstrap&gt;:688: in _load_unlocked
    ???
C:\Users\thego\AppData\Local\Programs\Python\Python310\lib\site-packages\_pytest\assertion\rewrite.py:186: in exec_module
    exec(co, module.__dict__)
agents\tests\test_e2e_testgen.py:36: in &lt;module&gt;
    from freezegun import freeze_time
E   ModuleNotFoundError: No module named 'freezegun'</error></testcase><testcase classname="" name="agents.tests.test_generator_plugin_wrapper" time="0.000"><error message="collection failure">ImportError while importing test module 'D:\Code_Factory\Generator\agents\tests\test_generator_plugin_wrapper.py'.
Hint: make sure your test modules/packages have valid Python names.
Traceback:
C:\Users\thego\AppData\Local\Programs\Python\Python310\lib\site-packages\_pytest\python.py:498: in importtestmodule
    mod = import_path(
C:\Users\thego\AppData\Local\Programs\Python\Python310\lib\site-packages\_pytest\pathlib.py:587: in import_path
    importlib.import_module(module_name)
C:\Users\thego\AppData\Local\Programs\Python\Python310\lib\importlib\__init__.py:126: in import_module
    return _bootstrap._gcd_import(name[level:], package, level)
&lt;frozen importlib._bootstrap&gt;:1050: in _gcd_import
    ???
&lt;frozen importlib._bootstrap&gt;:1027: in _find_and_load
    ???
&lt;frozen importlib._bootstrap&gt;:1006: in _find_and_load_unlocked
    ???
&lt;frozen importlib._bootstrap&gt;:688: in _load_unlocked
    ???
C:\Users\thego\AppData\Local\Programs\Python\Python310\lib\site-packages\_pytest\assertion\rewrite.py:186: in exec_module
    exec(co, module.__dict__)
agents\tests\test_generator_plugin_wrapper.py:34: in &lt;module&gt;
    from freezegun import freeze_time
E   ModuleNotFoundError: No module named 'freezegun'</error></testcase><testcase classname="" name="agents.tests.test_testgen_agent" time="0.000"><error message="collection failure">ImportError while importing test module 'D:\Code_Factory\Generator\agents\tests\test_testgen_agent.py'.
Hint: make sure your test modules/packages have valid Python names.
Traceback:
C:\Users\thego\AppData\Local\Programs\Python\Python310\lib\site-packages\_pytest\python.py:498: in importtestmodule
    mod = import_path(
C:\Users\thego\AppData\Local\Programs\Python\Python310\lib\site-packages\_pytest\pathlib.py:587: in import_path
    importlib.import_module(module_name)
C:\Users\thego\AppData\Local\Programs\Python\Python310\lib\importlib\__init__.py:126: in import_module
    return _bootstrap._gcd_import(name[level:], package, level)
&lt;frozen importlib._bootstrap&gt;:1050: in _gcd_import
    ???
&lt;frozen importlib._bootstrap&gt;:1027: in _find_and_load
    ???
&lt;frozen importlib._bootstrap&gt;:1006: in _find_and_load_unlocked
    ???
&lt;frozen importlib._bootstrap&gt;:688: in _load_unlocked
    ???
C:\Users\thego\AppData\Local\Programs\Python\Python310\lib\site-packages\_pytest\assertion\rewrite.py:186: in exec_module
    exec(co, module.__dict__)
agents\tests\test_testgen_agent.py:24: in &lt;module&gt;
    from freezegun import freeze_time
E   ModuleNotFoundError: No module named 'freezegun'</error></testcase><testcase classname="" name="agents.tests.test_testgen_llm_call" time="0.000"><error message="collection failure">ImportError while importing test module 'D:\Code_Factory\Generator\agents\tests\test_testgen_llm_call.py'.
Hint: make sure your test modules/packages have valid Python names.
Traceback:
C:\Users\thego\AppData\Local\Programs\Python\Python310\lib\site-packages\_pytest\python.py:498: in importtestmodule
    mod = import_path(
C:\Users\thego\AppData\Local\Programs\Python\Python310\lib\site-packages\_pytest\pathlib.py:587: in import_path
    importlib.import_module(module_name)
C:\Users\thego\AppData\Local\Programs\Python\Python310\lib\importlib\__init__.py:126: in import_module
    return _bootstrap._gcd_import(name[level:], package, level)
&lt;frozen importlib._bootstrap&gt;:1050: in _gcd_import
    ???
&lt;frozen importlib._bootstrap&gt;:1027: in _find_and_load
    ???
&lt;frozen importlib._bootstrap&gt;:1006: in _find_and_load_unlocked
    ???
&lt;frozen importlib._bootstrap&gt;:688: in _load_unlocked
    ???
C:\Users\thego\AppData\Local\Programs\Python\Python310\lib\site-packages\_pytest\assertion\rewrite.py:186: in exec_module
    exec(co, module.__dict__)
agents\tests\test_testgen_llm_call.py:24: in &lt;module&gt;
    from testgen_llm_call import TestGenLLMOrchestrator, call_llm_api
E   ModuleNotFoundError: No module named 'testgen_llm_call'</error></testcase><testcase classname="" name="agents.tests.test_testgen_prompt" time="0.000"><error message="collection failure">ImportError while importing test module 'D:\Code_Factory\Generator\agents\tests\test_testgen_prompt.py'.
Hint: make sure your test modules/packages have valid Python names.
Traceback:
C:\Users\thego\AppData\Local\Programs\Python\Python310\lib\site-packages\_pytest\python.py:498: in importtestmodule
    mod = import_path(
C:\Users\thego\AppData\Local\Programs\Python\Python310\lib\site-packages\_pytest\pathlib.py:587: in import_path
    importlib.import_module(module_name)
C:\Users\thego\AppData\Local\Programs\Python\Python310\lib\importlib\__init__.py:126: in import_module
    return _bootstrap._gcd_import(name[level:], package, level)
&lt;frozen importlib._bootstrap&gt;:1050: in _gcd_import
    ???
&lt;frozen importlib._bootstrap&gt;:1027: in _find_and_load
    ???
&lt;frozen importlib._bootstrap&gt;:1006: in _find_and_load_unlocked
    ???
&lt;frozen importlib._bootstrap&gt;:688: in _load_unlocked
    ???
C:\Users\thego\AppData\Local\Programs\Python\Python310\lib\site-packages\_pytest\assertion\rewrite.py:186: in exec_module
    exec(co, module.__dict__)
agents\tests\test_testgen_prompt.py:25: in &lt;module&gt;
    from freezegun import freeze_time
E   ModuleNotFoundError: No module named 'freezegun'</error></testcase><testcase classname="" name="agents.tests.test_testgen_response_handler" time="0.000"><error message="collection failure">ImportError while importing test module 'D:\Code_Factory\Generator\agents\tests\test_testgen_response_handler.py'.
Hint: make sure your test modules/packages have valid Python names.
Traceback:
C:\Users\thego\AppData\Local\Programs\Python\Python310\lib\site-packages\_pytest\python.py:498: in importtestmodule
    mod = import_path(
C:\Users\thego\AppData\Local\Programs\Python\Python310\lib\site-packages\_pytest\pathlib.py:587: in import_path
    importlib.import_module(module_name)
C:\Users\thego\AppData\Local\Programs\Python\Python310\lib\importlib\__init__.py:126: in import_module
    return _bootstrap._gcd_import(name[level:], package, level)
&lt;frozen importlib._bootstrap&gt;:1050: in _gcd_import
    ???
&lt;frozen importlib._bootstrap&gt;:1027: in _find_and_load
    ???
&lt;frozen importlib._bootstrap&gt;:1006: in _find_and_load_unlocked
    ???
&lt;frozen importlib._bootstrap&gt;:688: in _load_unlocked
    ???
C:\Users\thego\AppData\Local\Programs\Python\Python310\lib\site-packages\_pytest\assertion\rewrite.py:186: in exec_module
    exec(co, module.__dict__)
agents\tests\test_testgen_response_handler.py:22: in &lt;module&gt;
    from testgen_response_handler import parse_llm_response, DefaultResponseParser
E   ModuleNotFoundError: No module named 'testgen_response_handler'</error></testcase><testcase classname="" name="agents.tests.test_testgen_validator" time="0.000"><error message="collection failure">ImportError while importing test module 'D:\Code_Factory\Generator\agents\tests\test_testgen_validator.py'.
Hint: make sure your test modules/packages have valid Python names.
Traceback:
C:\Users\thego\AppData\Local\Programs\Python\Python310\lib\site-packages\_pytest\python.py:498: in importtestmodule
    mod = import_path(
C:\Users\thego\AppData\Local\Programs\Python\Python310\lib\site-packages\_pytest\pathlib.py:587: in import_path
    importlib.import_module(module_name)
C:\Users\thego\AppData\Local\Programs\Python\Python310\lib\importlib\__init__.py:126: in import_module
    return _bootstrap._gcd_import(name[level:], package, level)
&lt;frozen importlib._bootstrap&gt;:1050: in _gcd_import
    ???
&lt;frozen importlib._bootstrap&gt;:1027: in _find_and_load
    ???
&lt;frozen importlib._bootstrap&gt;:1006: in _find_and_load_unlocked
    ???
&lt;frozen importlib._bootstrap&gt;:688: in _load_unlocked
    ???
C:\Users\thego\AppData\Local\Programs\Python\Python310\lib\site-packages\_pytest\assertion\rewrite.py:186: in exec_module
    exec(co, module.__dict__)
agents\tests\test_testgen_validator.py:24: in &lt;module&gt;
    from testgen_validator import TestValidator, CoverageValidator, validate_test_quality
E   ModuleNotFoundError: No module named 'testgen_validator'</error></testcase><testcase classname="" name="audit_log.tests.test_audit_backend_cloud" time="0.000"><error message="collection failure">C:\Users\thego\AppData\Local\Programs\Python\Python310\lib\site-packages\_pytest\python.py:498: in importtestmodule
    mod = import_path(
C:\Users\thego\AppData\Local\Programs\Python\Python310\lib\site-packages\_pytest\pathlib.py:587: in import_path
    importlib.import_module(module_name)
C:\Users\thego\AppData\Local\Programs\Python\Python310\lib\importlib\__init__.py:126: in import_module
    return _bootstrap._gcd_import(name[level:], package, level)
&lt;frozen importlib._bootstrap&gt;:1050: in _gcd_import
    ???
&lt;frozen importlib._bootstrap&gt;:1027: in _find_and_load
    ???
&lt;frozen importlib._bootstrap&gt;:1006: in _find_and_load_unlocked
    ???
&lt;frozen importlib._bootstrap&gt;:688: in _load_unlocked
    ???
C:\Users\thego\AppData\Local\Programs\Python\Python310\lib\site-packages\_pytest\assertion\rewrite.py:177: in exec_module
    source_stat, co = _rewrite_test(fn, self.config)
C:\Users\thego\AppData\Local\Programs\Python\Python310\lib\site-packages\_pytest\assertion\rewrite.py:357: in _rewrite_test
    tree = ast.parse(source, filename=strfn)
C:\Users\thego\AppData\Local\Programs\Python\Python310\lib\ast.py:50: in parse
    return compile(source, filename, mode, flags,
E     File "D:\Code_Factory\Generator\audit_log\tests\test_audit_backend_cloud.py", line 225
E       "Rows": [{"Data": [{"VarCharValue": json.dumps({"entry_id": "123", "encrypted_data": "data"})}}]
E                                                                                                     ^
E   SyntaxError: closing parenthesis '}' does not match opening parenthesis '['</error></testcase><testcase classname="" name="audit_log.tests.test_audit_backend_core" time="0.000"><error message="collection failure">ImportError while importing test module 'D:\Code_Factory\Generator\audit_log\tests\test_audit_backend_core.py'.
Hint: make sure your test modules/packages have valid Python names.
Traceback:
C:\Users\thego\AppData\Local\Programs\Python\Python310\lib\site-packages\_pytest\python.py:498: in importtestmodule
    mod = import_path(
C:\Users\thego\AppData\Local\Programs\Python\Python310\lib\site-packages\_pytest\pathlib.py:587: in import_path
    importlib.import_module(module_name)
C:\Users\thego\AppData\Local\Programs\Python\Python310\lib\importlib\__init__.py:126: in import_module
    return _bootstrap._gcd_import(name[level:], package, level)
&lt;frozen importlib._bootstrap&gt;:1050: in _gcd_import
    ???
&lt;frozen importlib._bootstrap&gt;:1027: in _find_and_load
    ???
&lt;frozen importlib._bootstrap&gt;:1006: in _find_and_load_unlocked
    ???
&lt;frozen importlib._bootstrap&gt;:688: in _load_unlocked
    ???
C:\Users\thego\AppData\Local\Programs\Python\Python310\lib\site-packages\_pytest\assertion\rewrite.py:186: in exec_module
    exec(co, module.__dict__)
audit_log\tests\test_audit_backend_core.py:29: in &lt;module&gt;
    from freezegun import freeze_time
E   ModuleNotFoundError: No module named 'freezegun'</error></testcase><testcase classname="" name="audit_log.tests.test_audit_backend_file_sql" time="0.000"><error message="collection failure">ImportError while importing test module 'D:\Code_Factory\Generator\audit_log\tests\test_audit_backend_file_sql.py'.
Hint: make sure your test modules/packages have valid Python names.
Traceback:
C:\Users\thego\AppData\Local\Programs\Python\Python310\lib\site-packages\_pytest\python.py:498: in importtestmodule
    mod = import_path(
C:\Users\thego\AppData\Local\Programs\Python\Python310\lib\site-packages\_pytest\pathlib.py:587: in import_path
    importlib.import_module(module_name)
C:\Users\thego\AppData\Local\Programs\Python\Python310\lib\importlib\__init__.py:126: in import_module
    return _bootstrap._gcd_import(name[level:], package, level)
&lt;frozen importlib._bootstrap&gt;:1050: in _gcd_import
    ???
&lt;frozen importlib._bootstrap&gt;:1027: in _find_and_load
    ???
&lt;frozen importlib._bootstrap&gt;:1006: in _find_and_load_unlocked
    ???
&lt;frozen importlib._bootstrap&gt;:688: in _load_unlocked
    ???
C:\Users\thego\AppData\Local\Programs\Python\Python310\lib\site-packages\_pytest\assertion\rewrite.py:186: in exec_module
    exec(co, module.__dict__)
audit_log\tests\test_audit_backend_file_sql.py:29: in &lt;module&gt;
    from freezegun import freeze_time
E   ModuleNotFoundError: No module named 'freezegun'</error></testcase><testcase classname="" name="audit_log.tests.test_audit_backend_streaming" time="0.000"><error message="collection failure">ImportError while importing test module 'D:\Code_Factory\Generator\audit_log\tests\test_audit_backend_streaming.py'.
Hint: make sure your test modules/packages have valid Python names.
Traceback:
C:\Users\thego\AppData\Local\Programs\Python\Python310\lib\site-packages\_pytest\python.py:498: in importtestmodule
    mod = import_path(
C:\Users\thego\AppData\Local\Programs\Python\Python310\lib\site-packages\_pytest\pathlib.py:587: in import_path
    importlib.import_module(module_name)
C:\Users\thego\AppData\Local\Programs\Python\Python310\lib\importlib\__init__.py:126: in import_module
    return _bootstrap._gcd_import(name[level:], package, level)
&lt;frozen importlib._bootstrap&gt;:1050: in _gcd_import
    ???
&lt;frozen importlib._bootstrap&gt;:1027: in _find_and_load
    ???
&lt;frozen importlib._bootstrap&gt;:1006: in _find_and_load_unlocked
    ???
&lt;frozen importlib._bootstrap&gt;:688: in _load_unlocked
    ???
C:\Users\thego\AppData\Local\Programs\Python\Python310\lib\site-packages\_pytest\assertion\rewrite.py:186: in exec_module
    exec(co, module.__dict__)
audit_log\tests\test_audit_backend_streaming.py:29: in &lt;module&gt;
    from freezegun import freeze_time
E   ModuleNotFoundError: No module named 'freezegun'</error></testcase><testcase classname="" name="audit_log.tests.test_audit_backend_streaming_backends" time="0.000"><error message="collection failure">ImportError while importing test module 'D:\Code_Factory\Generator\audit_log\tests\test_audit_backend_streaming_backends.py'.
Hint: make sure your test modules/packages have valid Python names.
Traceback:
C:\Users\thego\AppData\Local\Programs\Python\Python310\lib\site-packages\_pytest\python.py:498: in importtestmodule
    mod = import_path(
C:\Users\thego\AppData\Local\Programs\Python\Python310\lib\site-packages\_pytest\pathlib.py:587: in import_path
    importlib.import_module(module_name)
C:\Users\thego\AppData\Local\Programs\Python\Python310\lib\importlib\__init__.py:126: in import_module
    return _bootstrap._gcd_import(name[level:], package, level)
&lt;frozen importlib._bootstrap&gt;:1050: in _gcd_import
    ???
&lt;frozen importlib._bootstrap&gt;:1027: in _find_and_load
    ???
&lt;frozen importlib._bootstrap&gt;:1006: in _find_and_load_unlocked
    ???
&lt;frozen importlib._bootstrap&gt;:688: in _load_unlocked
    ???
C:\Users\thego\AppData\Local\Programs\Python\Python310\lib\site-packages\_pytest\assertion\rewrite.py:186: in exec_module
    exec(co, module.__dict__)
audit_log\tests\test_audit_backend_streaming_backends.py:29: in &lt;module&gt;
    from freezegun import freeze_time
E   ModuleNotFoundError: No module named 'freezegun'</error></testcase><testcase classname="" name="audit_log.tests.test_audit_backend_streaming_utils" time="0.000"><error message="collection failure">ImportError while importing test module 'D:\Code_Factory\Generator\audit_log\tests\test_audit_backend_streaming_utils.py'.
Hint: make sure your test modules/packages have valid Python names.
Traceback:
C:\Users\thego\AppData\Local\Programs\Python\Python310\lib\site-packages\_pytest\python.py:498: in importtestmodule
    mod = import_path(
C:\Users\thego\AppData\Local\Programs\Python\Python310\lib\site-packages\_pytest\pathlib.py:587: in import_path
    importlib.import_module(module_name)
C:\Users\thego\AppData\Local\Programs\Python\Python310\lib\importlib\__init__.py:126: in import_module
    return _bootstrap._gcd_import(name[level:], package, level)
&lt;frozen importlib._bootstrap&gt;:1050: in _gcd_import
    ???
&lt;frozen importlib._bootstrap&gt;:1027: in _find_and_load
    ???
&lt;frozen importlib._bootstrap&gt;:1006: in _find_and_load_unlocked
    ???
&lt;frozen importlib._bootstrap&gt;:688: in _load_unlocked
    ???
C:\Users\thego\AppData\Local\Programs\Python\Python310\lib\site-packages\_pytest\assertion\rewrite.py:186: in exec_module
    exec(co, module.__dict__)
audit_log\tests\test_audit_backend_streaming_utils.py:28: in &lt;module&gt;
    from freezegun import freeze_time
E   ModuleNotFoundError: No module named 'freezegun'</error></testcase><testcase classname="" name="audit_log.tests.test_audit_crypto_factory" time="0.000"><error message="collection failure">ImportError while importing test module 'D:\Code_Factory\Generator\audit_log\tests\test_audit_crypto_factory.py'.
Hint: make sure your test modules/packages have valid Python names.
Traceback:
C:\Users\thego\AppData\Local\Programs\Python\Python310\lib\site-packages\_pytest\python.py:498: in importtestmodule
    mod = import_path(
C:\Users\thego\AppData\Local\Programs\Python\Python310\lib\site-packages\_pytest\pathlib.py:587: in import_path
    importlib.import_module(module_name)
C:\Users\thego\AppData\Local\Programs\Python\Python310\lib\importlib\__init__.py:126: in import_module
    return _bootstrap._gcd_import(name[level:], package, level)
&lt;frozen importlib._bootstrap&gt;:1050: in _gcd_import
    ???
&lt;frozen importlib._bootstrap&gt;:1027: in _find_and_load
    ???
&lt;frozen importlib._bootstrap&gt;:1006: in _find_and_load_unlocked
    ???
&lt;frozen importlib._bootstrap&gt;:688: in _load_unlocked
    ???
C:\Users\thego\AppData\Local\Programs\Python\Python310\lib\site-packages\_pytest\assertion\rewrite.py:186: in exec_module
    exec(co, module.__dict__)
audit_log\tests\test_audit_crypto_factory.py:27: in &lt;module&gt;
    from freezegun import freeze_time
E   ModuleNotFoundError: No module named 'freezegun'</error></testcase><testcase classname="" name="audit_log.tests.test_audit_crypto_ops" time="0.000"><error message="collection failure">ImportError while importing test module 'D:\Code_Factory\Generator\audit_log\tests\test_audit_crypto_ops.py'.
Hint: make sure your test modules/packages have valid Python names.
Traceback:
C:\Users\thego\AppData\Local\Programs\Python\Python310\lib\site-packages\_pytest\python.py:498: in importtestmodule
    mod = import_path(
C:\Users\thego\AppData\Local\Programs\Python\Python310\lib\site-packages\_pytest\pathlib.py:587: in import_path
    importlib.import_module(module_name)
C:\Users\thego\AppData\Local\Programs\Python\Python310\lib\importlib\__init__.py:126: in import_module
    return _bootstrap._gcd_import(name[level:], package, level)
&lt;frozen importlib._bootstrap&gt;:1050: in _gcd_import
    ???
&lt;frozen importlib._bootstrap&gt;:1027: in _find_and_load
    ???
&lt;frozen importlib._bootstrap&gt;:1006: in _find_and_load_unlocked
    ???
&lt;frozen importlib._bootstrap&gt;:688: in _load_unlocked
    ???
C:\Users\thego\AppData\Local\Programs\Python\Python310\lib\site-packages\_pytest\assertion\rewrite.py:186: in exec_module
    exec(co, module.__dict__)
audit_log\tests\test_audit_crypto_ops.py:28: in &lt;module&gt;
    from freezegun import freeze_time
E   ModuleNotFoundError: No module named 'freezegun'</error></testcase><testcase classname="" name="audit_log.tests.test_audit_crypto_provider" time="0.000"><error message="collection failure">ImportError while importing test module 'D:\Code_Factory\Generator\audit_log\tests\test_audit_crypto_provider.py'.
Hint: make sure your test modules/packages have valid Python names.
Traceback:
C:\Users\thego\AppData\Local\Programs\Python\Python310\lib\site-packages\_pytest\python.py:498: in importtestmodule
    mod = import_path(
C:\Users\thego\AppData\Local\Programs\Python\Python310\lib\site-packages\_pytest\pathlib.py:587: in import_path
    importlib.import_module(module_name)
C:\Users\thego\AppData\Local\Programs\Python\Python310\lib\importlib\__init__.py:126: in import_module
    return _bootstrap._gcd_import(name[level:], package, level)
&lt;frozen importlib._bootstrap&gt;:1050: in _gcd_import
    ???
&lt;frozen importlib._bootstrap&gt;:1027: in _find_and_load
    ???
&lt;frozen importlib._bootstrap&gt;:1006: in _find_and_load_unlocked
    ???
&lt;frozen importlib._bootstrap&gt;:688: in _load_unlocked
    ???
C:\Users\thego\AppData\Local\Programs\Python\Python310\lib\site-packages\_pytest\assertion\rewrite.py:186: in exec_module
    exec(co, module.__dict__)
audit_log\tests\test_audit_crypto_provider.py:27: in &lt;module&gt;
    from freezegun import freeze_time
E   ModuleNotFoundError: No module named 'freezegun'</error></testcase><testcase classname="" name="audit_log.tests.test_audit_keystore" time="0.000"><error message="collection failure">ImportError while importing test module 'D:\Code_Factory\Generator\audit_log\tests\test_audit_keystore.py'.
Hint: make sure your test modules/packages have valid Python names.
Traceback:
C:\Users\thego\AppData\Local\Programs\Python\Python310\lib\site-packages\_pytest\python.py:498: in importtestmodule
    mod = import_path(
C:\Users\thego\AppData\Local\Programs\Python\Python310\lib\site-packages\_pytest\pathlib.py:587: in import_path
    importlib.import_module(module_name)
C:\Users\thego\AppData\Local\Programs\Python\Python310\lib\importlib\__init__.py:126: in import_module
    return _bootstrap._gcd_import(name[level:], package, level)
&lt;frozen importlib._bootstrap&gt;:1050: in _gcd_import
    ???
&lt;frozen importlib._bootstrap&gt;:1027: in _find_and_load
    ???
&lt;frozen importlib._bootstrap&gt;:1006: in _find_and_load_unlocked
    ???
&lt;frozen importlib._bootstrap&gt;:688: in _load_unlocked
    ???
C:\Users\thego\AppData\Local\Programs\Python\Python310\lib\site-packages\_pytest\assertion\rewrite.py:186: in exec_module
    exec(co, module.__dict__)
audit_log\tests\test_audit_keystore.py:29: in &lt;module&gt;
    from freezegun import freeze_time
E   ModuleNotFoundError: No module named 'freezegun'</error></testcase><testcase classname="" name="audit_log.tests.test_audit_log" time="0.000"><error message="collection failure">ImportError while importing test module 'D:\Code_Factory\Generator\audit_log\tests\test_audit_log.py'.
Hint: make sure your test modules/packages have valid Python names.
Traceback:
C:\Users\thego\AppData\Local\Programs\Python\Python310\lib\site-packages\_pytest\python.py:498: in importtestmodule
    mod = import_path(
C:\Users\thego\AppData\Local\Programs\Python\Python310\lib\site-packages\_pytest\pathlib.py:587: in import_path
    importlib.import_module(module_name)
C:\Users\thego\AppData\Local\Programs\Python\Python310\lib\importlib\__init__.py:126: in import_module
    return _bootstrap._gcd_import(name[level:], package, level)
&lt;frozen importlib._bootstrap&gt;:1050: in _gcd_import
    ???
&lt;frozen importlib._bootstrap&gt;:1027: in _find_and_load
    ???
&lt;frozen importlib._bootstrap&gt;:1006: in _find_and_load_unlocked
    ???
&lt;frozen importlib._bootstrap&gt;:688: in _load_unlocked
    ???
C:\Users\thego\AppData\Local\Programs\Python\Python310\lib\site-packages\_pytest\assertion\rewrite.py:186: in exec_module
    exec(co, module.__dict__)
audit_log\tests\test_audit_log.py:31: in &lt;module&gt;
    from freezegun import freeze_time
E   ModuleNotFoundError: No module named 'freezegun'</error></testcase><testcase classname="" name="audit_log.tests.test_audit_log_proto" time="0.000"><error message="collection failure">C:\Users\thego\AppData\Local\Programs\Python\Python310\lib\site-packages\_pytest\python.py:498: in importtestmodule
    mod = import_path(
C:\Users\thego\AppData\Local\Programs\Python\Python310\lib\site-packages\_pytest\pathlib.py:587: in import_path
    importlib.import_module(module_name)
C:\Users\thego\AppData\Local\Programs\Python\Python310\lib\importlib\__init__.py:126: in import_module
    return _bootstrap._gcd_import(name[level:], package, level)
&lt;frozen importlib._bootstrap&gt;:1050: in _gcd_import
    ???
&lt;frozen importlib._bootstrap&gt;:1027: in _find_and_load
    ???
&lt;frozen importlib._bootstrap&gt;:1006: in _find_and_load_unlocked
    ???
&lt;frozen importlib._bootstrap&gt;:688: in _load_unlocked
    ???
C:\Users\thego\AppData\Local\Programs\Python\Python310\lib\site-packages\_pytest\assertion\rewrite.py:177: in exec_module
    source_stat, co = _rewrite_test(fn, self.config)
C:\Users\thego\AppData\Local\Programs\Python\Python310\lib\site-packages\_pytest\assertion\rewrite.py:357: in _rewrite_test
    tree = ast.parse(source, filename=strfn)
C:\Users\thego\AppData\Local\Programs\Python\Python310\lib\ast.py:50: in parse
    return compile(source, filename, mode, flags,
E     File "D:\Code_Factory\Generator\audit_log\tests\test_audit_log_proto.py", line 1
E       ```python
E       ^
E   SyntaxError: invalid syntax</error></testcase><testcase classname="" name="audit_log.tests.test_audit_metrics" time="0.000"><error message="collection failure">ImportError while importing test module 'D:\Code_Factory\Generator\audit_log\tests\test_audit_metrics.py'.
Hint: make sure your test modules/packages have valid Python names.
Traceback:
C:\Users\thego\AppData\Local\Programs\Python\Python310\lib\site-packages\_pytest\python.py:498: in importtestmodule
    mod = import_path(
C:\Users\thego\AppData\Local\Programs\Python\Python310\lib\site-packages\_pytest\pathlib.py:587: in import_path
    importlib.import_module(module_name)
C:\Users\thego\AppData\Local\Programs\Python\Python310\lib\importlib\__init__.py:126: in import_module
    return _bootstrap._gcd_import(name[level:], package, level)
&lt;frozen importlib._bootstrap&gt;:1050: in _gcd_import
    ???
&lt;frozen importlib._bootstrap&gt;:1027: in _find_and_load
    ???
&lt;frozen importlib._bootstrap&gt;:1006: in _find_and_load_unlocked
    ???
&lt;frozen importlib._bootstrap&gt;:688: in _load_unlocked
    ???
C:\Users\thego\AppData\Local\Programs\Python\Python310\lib\site-packages\_pytest\assertion\rewrite.py:186: in exec_module
    exec(co, module.__dict__)
audit_log\tests\test_audit_metrics.py:29: in &lt;module&gt;
    from freezegun import freeze_time
E   ModuleNotFoundError: No module named 'freezegun'</error></testcase><testcase classname="" name="audit_log.tests.test_audit_plugins" time="0.000"><error message="collection failure">ImportError while importing test module 'D:\Code_Factory\Generator\audit_log\tests\test_audit_plugins.py'.
Hint: make sure your test modules/packages have valid Python names.
Traceback:
C:\Users\thego\AppData\Local\Programs\Python\Python310\lib\site-packages\_pytest\python.py:498: in importtestmodule
    mod = import_path(
C:\Users\thego\AppData\Local\Programs\Python\Python310\lib\site-packages\_pytest\pathlib.py:587: in import_path
    importlib.import_module(module_name)
C:\Users\thego\AppData\Local\Programs\Python\Python310\lib\importlib\__init__.py:126: in import_module
    return _bootstrap._gcd_import(name[level:], package, level)
&lt;frozen importlib._bootstrap&gt;:1050: in _gcd_import
    ???
&lt;frozen importlib._bootstrap&gt;:1027: in _find_and_load
    ???
&lt;frozen importlib._bootstrap&gt;:1006: in _find_and_load_unlocked
    ???
&lt;frozen importlib._bootstrap&gt;:688: in _load_unlocked
    ???
C:\Users\thego\AppData\Local\Programs\Python\Python310\lib\site-packages\_pytest\assertion\rewrite.py:186: in exec_module
    exec(co, module.__dict__)
audit_log\tests\test_audit_plugins.py:24: in &lt;module&gt;
    import resource
E   ModuleNotFoundError: No module named 'resource'</error></testcase><testcase classname="" name="audit_log.tests.test_audit_utils" time="0.000"><error message="collection failure">ImportError while importing test module 'D:\Code_Factory\Generator\audit_log\tests\test_audit_utils.py'.
Hint: make sure your test modules/packages have valid Python names.
Traceback:
C:\Users\thego\AppData\Local\Programs\Python\Python310\lib\site-packages\_pytest\python.py:498: in importtestmodule
    mod = import_path(
C:\Users\thego\AppData\Local\Programs\Python\Python310\lib\site-packages\_pytest\pathlib.py:587: in import_path
    importlib.import_module(module_name)
C:\Users\thego\AppData\Local\Programs\Python\Python310\lib\importlib\__init__.py:126: in import_module
    return _bootstrap._gcd_import(name[level:], package, level)
&lt;frozen importlib._bootstrap&gt;:1050: in _gcd_import
    ???
&lt;frozen importlib._bootstrap&gt;:1027: in _find_and_load
    ???
&lt;frozen importlib._bootstrap&gt;:1006: in _find_and_load_unlocked
    ???
&lt;frozen importlib._bootstrap&gt;:688: in _load_unlocked
    ???
C:\Users\thego\AppData\Local\Programs\Python\Python310\lib\site-packages\_pytest\assertion\rewrite.py:186: in exec_module
    exec(co, module.__dict__)
audit_log\tests\test_audit_utils.py:30: in &lt;module&gt;
    from freezegun import freeze_time
E   ModuleNotFoundError: No module named 'freezegun'</error></testcase><testcase classname="" name="audit_log.tests.test_e2e_audit_backend" time="0.000"><error message="collection failure">C:\Users\thego\AppData\Local\Programs\Python\Python310\lib\site-packages\_pytest\python.py:498: in importtestmodule
    mod = import_path(
C:\Users\thego\AppData\Local\Programs\Python\Python310\lib\site-packages\_pytest\pathlib.py:587: in import_path
    importlib.import_module(module_name)
C:\Users\thego\AppData\Local\Programs\Python\Python310\lib\importlib\__init__.py:126: in import_module
    return _bootstrap._gcd_import(name[level:], package, level)
&lt;frozen importlib._bootstrap&gt;:1050: in _gcd_import
    ???
&lt;frozen importlib._bootstrap&gt;:1027: in _find_and_load
    ???
&lt;frozen importlib._bootstrap&gt;:1006: in _find_and_load_unlocked
    ???
&lt;frozen importlib._bootstrap&gt;:688: in _load_unlocked
    ???
C:\Users\thego\AppData\Local\Programs\Python\Python310\lib\site-packages\_pytest\assertion\rewrite.py:177: in exec_module
    source_stat, co = _rewrite_test(fn, self.config)
C:\Users\thego\AppData\Local\Programs\Python\Python310\lib\site-packages\_pytest\assertion\rewrite.py:357: in _rewrite_test
    tree = ast.parse(source, filename=strfn)
C:\Users\thego\AppData\Local\Programs\Python\Python310\lib\ast.py:50: in parse
    return compile(source, filename, mode, flags,
E     File "D:\Code_Factory\Generator\audit_log\tests\test_e2e_audit_backend.py", line 132
E       "Rows": [{"Data": [{"VarCharValue": json.dumps({"entry_id": "123", "encrypted_data": "[REDACTED_EMAIL]"})}}]
E                                                                                                                 ^
E   SyntaxError: closing parenthesis '}' does not match opening parenthesis '['</error></testcase><testcase classname="" name="audit_log.tests.test_e2e_audit_crypto" time="0.000"><error message="collection failure">ImportError while importing test module 'D:\Code_Factory\Generator\audit_log\tests\test_e2e_audit_crypto.py'.
Hint: make sure your test modules/packages have valid Python names.
Traceback:
C:\Users\thego\AppData\Local\Programs\Python\Python310\lib\site-packages\_pytest\python.py:498: in importtestmodule
    mod = import_path(
C:\Users\thego\AppData\Local\Programs\Python\Python310\lib\site-packages\_pytest\pathlib.py:587: in import_path
    importlib.import_module(module_name)
C:\Users\thego\AppData\Local\Programs\Python\Python310\lib\importlib\__init__.py:126: in import_module
    return _bootstrap._gcd_import(name[level:], package, level)
&lt;frozen importlib._bootstrap&gt;:1050: in _gcd_import
    ???
&lt;frozen importlib._bootstrap&gt;:1027: in _find_and_load
    ???
&lt;frozen importlib._bootstrap&gt;:1006: in _find_and_load_unlocked
    ???
&lt;frozen importlib._bootstrap&gt;:688: in _load_unlocked
    ???
C:\Users\thego\AppData\Local\Programs\Python\Python310\lib\site-packages\_pytest\assertion\rewrite.py:186: in exec_module
    exec(co, module.__dict__)
audit_log\tests\test_e2e_audit_crypto.py:29: in &lt;module&gt;
    from freezegun import freeze_time
E   ModuleNotFoundError: No module named 'freezegun'</error></testcase><testcase classname="" name="audit_log.tests.test_e2e_audit_log" time="0.000"><error message="collection failure">ImportError while importing test module 'D:\Code_Factory\Generator\audit_log\tests\test_e2e_audit_log.py'.
Hint: make sure your test modules/packages have valid Python names.
Traceback:
C:\Users\thego\AppData\Local\Programs\Python\Python310\lib\site-packages\_pytest\python.py:498: in importtestmodule
    mod = import_path(
C:\Users\thego\AppData\Local\Programs\Python\Python310\lib\site-packages\_pytest\pathlib.py:587: in import_path
    importlib.import_module(module_name)
C:\Users\thego\AppData\Local\Programs\Python\Python310\lib\importlib\__init__.py:126: in import_module
    return _bootstrap._gcd_import(name[level:], package, level)
&lt;frozen importlib._bootstrap&gt;:1050: in _gcd_import
    ???
&lt;frozen importlib._bootstrap&gt;:1027: in _find_and_load
    ???
&lt;frozen importlib._bootstrap&gt;:1006: in _find_and_load_unlocked
    ???
&lt;frozen importlib._bootstrap&gt;:688: in _load_unlocked
    ???
C:\Users\thego\AppData\Local\Programs\Python\Python310\lib\site-packages\_pytest\assertion\rewrite.py:186: in exec_module
    exec(co, module.__dict__)
audit_log\tests\test_e2e_audit_log.py:28: in &lt;module&gt;
    from freezegun import freeze_time
E   ModuleNotFoundError: No module named 'freezegun'</error></testcase><testcase classname="" name="audit_log.tests.test_e2e_audit_log_module" time="0.000"><error message="collection failure">ImportError while importing test module 'D:\Code_Factory\Generator\audit_log\tests\test_e2e_audit_log_module.py'.
Hint: make sure your test modules/packages have valid Python names.
Traceback:
C:\Users\thego\AppData\Local\Programs\Python\Python310\lib\site-packages\_pytest\python.py:498: in importtestmodule
    mod = import_path(
C:\Users\thego\AppData\Local\Programs\Python\Python310\lib\site-packages\_pytest\pathlib.py:587: in import_path
    importlib.import_module(module_name)
C:\Users\thego\AppData\Local\Programs\Python\Python310\lib\importlib\__init__.py:126: in import_module
    return _bootstrap._gcd_import(name[level:], package, level)
&lt;frozen importlib._bootstrap&gt;:1050: in _gcd_import
    ???
&lt;frozen importlib._bootstrap&gt;:1027: in _find_and_load
    ???
&lt;frozen importlib._bootstrap&gt;:1006: in _find_and_load_unlocked
    ???
&lt;frozen importlib._bootstrap&gt;:688: in _load_unlocked
    ???
C:\Users\thego\AppData\Local\Programs\Python\Python310\lib\site-packages\_pytest\assertion\rewrite.py:186: in exec_module
    exec(co, module.__dict__)
audit_log\tests\test_e2e_audit_log_module.py:30: in &lt;module&gt;
    from freezegun import freeze_time
E   ModuleNotFoundError: No module named 'freezegun'</error></testcase><testcase classname="" name="audit_log.tests.test_secrets" time="0.000"><error message="collection failure">ImportError while importing test module 'D:\Code_Factory\Generator\audit_log\tests\test_secrets.py'.
Hint: make sure your test modules/packages have valid Python names.
Traceback:
C:\Users\thego\AppData\Local\Programs\Python\Python310\lib\site-packages\_pytest\python.py:498: in importtestmodule
    mod = import_path(
C:\Users\thego\AppData\Local\Programs\Python\Python310\lib\site-packages\_pytest\pathlib.py:587: in import_path
    importlib.import_module(module_name)
C:\Users\thego\AppData\Local\Programs\Python\Python310\lib\importlib\__init__.py:126: in import_module
    return _bootstrap._gcd_import(name[level:], package, level)
&lt;frozen importlib._bootstrap&gt;:1050: in _gcd_import
    ???
&lt;frozen importlib._bootstrap&gt;:1027: in _find_and_load
    ???
&lt;frozen importlib._bootstrap&gt;:1006: in _find_and_load_unlocked
    ???
&lt;frozen importlib._bootstrap&gt;:688: in _load_unlocked
    ???
C:\Users\thego\AppData\Local\Programs\Python\Python310\lib\site-packages\_pytest\assertion\rewrite.py:186: in exec_module
    exec(co, module.__dict__)
audit_log\tests\test_secrets.py:27: in &lt;module&gt;
    from freezegun import freeze_time
E   ModuleNotFoundError: No module named 'freezegun'</error></testcase><testcase classname="" name="clarifier.tests.test_clarifier" time="0.000"><error message="collection failure">ImportError while importing test module 'D:\Code_Factory\Generator\clarifier\tests\test_clarifier.py'.
Hint: make sure your test modules/packages have valid Python names.
Traceback:
C:\Users\thego\AppData\Local\Programs\Python\Python310\lib\site-packages\_pytest\python.py:498: in importtestmodule
    mod = import_path(
C:\Users\thego\AppData\Local\Programs\Python\Python310\lib\site-packages\_pytest\pathlib.py:587: in import_path
    importlib.import_module(module_name)
C:\Users\thego\AppData\Local\Programs\Python\Python310\lib\importlib\__init__.py:126: in import_module
    return _bootstrap._gcd_import(name[level:], package, level)
&lt;frozen importlib._bootstrap&gt;:1050: in _gcd_import
    ???
&lt;frozen importlib._bootstrap&gt;:1027: in _find_and_load
    ???
&lt;frozen importlib._bootstrap&gt;:1006: in _find_and_load_unlocked
    ???
&lt;frozen importlib._bootstrap&gt;:688: in _load_unlocked
    ???
C:\Users\thego\AppData\Local\Programs\Python\Python310\lib\site-packages\_pytest\assertion\rewrite.py:186: in exec_module
    exec(co, module.__dict__)
clarifier\tests\test_clarifier.py:32: in &lt;module&gt;
    from clarifier import Clarifier, get_config, get_fernet, get_logger, get_tracer, get_circuit_breaker, CLARIFIER_CYCLES, CLARIFIER_LATENCY, CLARIFIER_ERRORS
E   ModuleNotFoundError: No module named 'clarifier'</error></testcase><testcase classname="" name="clarifier.tests.test_clarifier_e2e" time="0.000"><error message="collection failure">ImportError while importing test module 'D:\Code_Factory\Generator\clarifier\tests\test_clarifier_e2e.py'.
Hint: make sure your test modules/packages have valid Python names.
Traceback:
C:\Users\thego\AppData\Local\Programs\Python\Python310\lib\site-packages\_pytest\python.py:498: in importtestmodule
    mod = import_path(
C:\Users\thego\AppData\Local\Programs\Python\Python310\lib\site-packages\_pytest\pathlib.py:587: in import_path
    importlib.import_module(module_name)
C:\Users\thego\AppData\Local\Programs\Python\Python310\lib\importlib\__init__.py:126: in import_module
    return _bootstrap._gcd_import(name[level:], package, level)
&lt;frozen importlib._bootstrap&gt;:1050: in _gcd_import
    ???
&lt;frozen importlib._bootstrap&gt;:1027: in _find_and_load
    ???
&lt;frozen importlib._bootstrap&gt;:1006: in _find_and_load_unlocked
    ???
&lt;frozen importlib._bootstrap&gt;:688: in _load_unlocked
    ???
C:\Users\thego\AppData\Local\Programs\Python\Python310\lib\site-packages\_pytest\assertion\rewrite.py:186: in exec_module
    exec(co, module.__dict__)
clarifier\tests\test_clarifier_e2e.py:8: in &lt;module&gt;
    from clarifier import Clarifier, get_config, get_fernet, get_logger, get_tracer, get_circuit_breaker
E   ModuleNotFoundError: No module named 'clarifier'</error></testcase><testcase classname="" name="clarifier.tests.test_clarifier_llm_call" time="0.000"><error message="collection failure">ImportError while importing test module 'D:\Code_Factory\Generator\clarifier\tests\test_clarifier_llm_call.py'.
Hint: make sure your test modules/packages have valid Python names.
Traceback:
C:\Users\thego\AppData\Local\Programs\Python\Python310\lib\site-packages\_pytest\python.py:498: in importtestmodule
    mod = import_path(
C:\Users\thego\AppData\Local\Programs\Python\Python310\lib\site-packages\_pytest\pathlib.py:587: in import_path
    importlib.import_module(module_name)
C:\Users\thego\AppData\Local\Programs\Python\Python310\lib\importlib\__init__.py:126: in import_module
    return _bootstrap._gcd_import(name[level:], package, level)
&lt;frozen importlib._bootstrap&gt;:1050: in _gcd_import
    ???
&lt;frozen importlib._bootstrap&gt;:1027: in _find_and_load
    ???
&lt;frozen importlib._bootstrap&gt;:1006: in _find_and_load_unlocked
    ???
&lt;frozen importlib._bootstrap&gt;:688: in _load_unlocked
    ???
C:\Users\thego\AppData\Local\Programs\Python\Python310\lib\site-packages\_pytest\assertion\rewrite.py:186: in exec_module
    exec(co, module.__dict__)
clarifier\tests\test_clarifier_llm_call.py:8: in &lt;module&gt;
    from clarifier_llm_call import (
E   ModuleNotFoundError: No module named 'clarifier_llm_call'</error></testcase><testcase classname="" name="clarifier.tests.test_clarifier_prompt" time="0.000"><error message="collection failure">C:\Users\thego\AppData\Local\Programs\Python\Python310\lib\site-packages\_pytest\python.py:498: in importtestmodule
    mod = import_path(
C:\Users\thego\AppData\Local\Programs\Python\Python310\lib\site-packages\_pytest\pathlib.py:587: in import_path
    importlib.import_module(module_name)
C:\Users\thego\AppData\Local\Programs\Python\Python310\lib\importlib\__init__.py:126: in import_module
    return _bootstrap._gcd_import(name[level:], package, level)
&lt;frozen importlib._bootstrap&gt;:1050: in _gcd_import
    ???
&lt;frozen importlib._bootstrap&gt;:1027: in _find_and_load
    ???
&lt;frozen importlib._bootstrap&gt;:1006: in _find_and_load_unlocked
    ???
&lt;frozen importlib._bootstrap&gt;:688: in _load_unlocked
    ???
C:\Users\thego\AppData\Local\Programs\Python\Python310\lib\site-packages\_pytest\assertion\rewrite.py:177: in exec_module
    source_stat, co = _rewrite_test(fn, self.config)
C:\Users\thego\AppData\Local\Programs\Python\Python310\lib\site-packages\_pytest\assertion\rewrite.py:357: in _rewrite_test
    tree = ast.parse(source, filename=strfn)
C:\Users\thego\AppData\Local\Programs\Python\Python310\lib\ast.py:50: in parse
    return compile(source, filename, mode, flags,
E     File "D:\Code_Factory\Generator\clarifier\tests\test_clarifier_prompt.py", line 217
E       tasks = [
E               ^
E   SyntaxError: '[' was never closed</error></testcase><testcase classname="" name="clarifier.tests.test_clarifier_system" time="0.000"><error message="collection failure">ImportError while importing test module 'D:\Code_Factory\Generator\clarifier\tests\test_clarifier_system.py'.
Hint: make sure your test modules/packages have valid Python names.
Traceback:
C:\Users\thego\AppData\Local\Programs\Python\Python310\lib\site-packages\_pytest\python.py:498: in importtestmodule
    mod = import_path(
C:\Users\thego\AppData\Local\Programs\Python\Python310\lib\site-packages\_pytest\pathlib.py:587: in import_path
    importlib.import_module(module_name)
C:\Users\thego\AppData\Local\Programs\Python\Python310\lib\importlib\__init__.py:126: in import_module
    return _bootstrap._gcd_import(name[level:], package, level)
&lt;frozen importlib._bootstrap&gt;:1050: in _gcd_import
    ???
&lt;frozen importlib._bootstrap&gt;:1027: in _find_and_load
    ???
&lt;frozen importlib._bootstrap&gt;:1006: in _find_and_load_unlocked
    ???
&lt;frozen importlib._bootstrap&gt;:688: in _load_unlocked
    ???
C:\Users\thego\AppData\Local\Programs\Python\Python310\lib\site-packages\_pytest\assertion\rewrite.py:186: in exec_module
    exec(co, module.__dict__)
clarifier\tests\test_clarifier_system.py:32: in &lt;module&gt;
    from clarifier import Clarifier, get_config, get_fernet, get_logger, get_tracer, get_circuit_breaker, CLARIFIER_CYCLES, CLARIFIER_LATENCY, CLARIFIER_ERRORS, CLARIFIER_QUESTION_PROMPT_LATENCY, CLARIFIER_PRIORITIZATION_LATENCY, CLARIFIER_CONTEXT_RETRIEVAL_LATENCY
E   ModuleNotFoundError: No module named 'clarifier'</error></testcase><testcase classname="" name="clarifier.tests.test_clarifier_templates" time="0.000"><error message="collection failure">ImportError while importing test module 'D:\Code_Factory\Generator\clarifier\tests\test_clarifier_templates.py'.
Hint: make sure your test modules/packages have valid Python names.
Traceback:
C:\Users\thego\AppData\Local\Programs\Python\Python310\lib\site-packages\_pytest\python.py:498: in importtestmodule
    mod = import_path(
C:\Users\thego\AppData\Local\Programs\Python\Python310\lib\site-packages\_pytest\pathlib.py:587: in import_path
    importlib.import_module(module_name)
C:\Users\thego\AppData\Local\Programs\Python\Python310\lib\importlib\__init__.py:126: in import_module
    return _bootstrap._gcd_import(name[level:], package, level)
&lt;frozen importlib._bootstrap&gt;:1050: in _gcd_import
    ???
&lt;frozen importlib._bootstrap&gt;:1027: in _find_and_load
    ???
&lt;frozen importlib._bootstrap&gt;:1006: in _find_and_load_unlocked
    ???
&lt;frozen importlib._bootstrap&gt;:688: in _load_unlocked
    ???
C:\Users\thego\AppData\Local\Programs\Python\Python310\lib\site-packages\_pytest\assertion\rewrite.py:186: in exec_module
    exec(co, module.__dict__)
clarifier\tests\test_clarifier_templates.py:18: in &lt;module&gt;
    mock_redact_sensitive = patch_redact_sensitive.start()
C:\Users\thego\AppData\Local\Programs\Python\Python310\lib\unittest\mock.py:1595: in start
    result = self.__enter__()
C:\Users\thego\AppData\Local\Programs\Python\Python310\lib\unittest\mock.py:1431: in __enter__
    self.target = self.getter()
C:\Users\thego\AppData\Local\Programs\Python\Python310\lib\unittest\mock.py:1618: in &lt;lambda&gt;
    getter = lambda: _importer(target)
C:\Users\thego\AppData\Local\Programs\Python\Python310\lib\unittest\mock.py:1257: in _importer
    thing = __import__(import_path)
[...]
Hint: make sure your test modules/packages have valid Python names.
Traceback:
C:\Users\thego\AppData\Local\Programs\Python\Python310\lib\site-packages\_pytest\python.py:498: in importtestmodule
    mod = import_path(
C:\Users\thego\AppData\Local\Programs\Python\Python310\lib\site-packages\_pytest\pathlib.py:587: in import_path
    importlib.import_module(module_name)
C:\Users\thego\AppData\Local\Programs\Python\Python310\lib\importlib\__init__.py:126: in import_module
    return _bootstrap._gcd_import(name[level:], package, level)
&lt;frozen importlib._bootstrap&gt;:1050: in _gcd_import
    ???
&lt;frozen importlib._bootstrap&gt;:1027: in _find_and_load
    ???
&lt;frozen importlib._bootstrap&gt;:1006: in _find_and_load_unlocked
    ???
&lt;frozen importlib._bootstrap&gt;:688: in _load_unlocked
    ???
C:\Users\thego\AppData\Local\Programs\Python\Python310\lib\site-packages\_pytest\assertion\rewrite.py:186: in exec_module
    exec(co, module.__dict__)
tests\test_testgen_agent_suite.py:55: in &lt;module&gt;
    from agents.testgen_agent.testgen_agent import TestGenAgent, Policy
agents\testgen_agent\testgen_agent.py:48: in &lt;module&gt;
    from presidio_analyzer import AnalyzerEngine
E   ModuleNotFoundError: No module named 'presidio_analyzer'</error></testcase><testcase classname="" name="tests.test_utils" time="0.000"><error message="collection failure">ImportError while importing test module 'D:\Code_Factory\Generator\tests\test_utils.py'.
Hint: make sure your test modules/packages have valid Python names.
Traceback:
C:\Users\thego\AppData\Local\Programs\Python\Python310\lib\site-packages\_pytest\python.py:498: in importtestmodule
    mod = import_path(
C:\Users\thego\AppData\Local\Programs\Python\Python310\lib\site-packages\_pytest\pathlib.py:587: in import_path
    importlib.import_module(module_name)
C:\Users\thego\AppData\Local\Programs\Python\Python310\lib\importlib\__init__.py:126: in import_module
    return _bootstrap._gcd_import(name[level:], package, level)
&lt;frozen importlib._bootstrap&gt;:1050: in _gcd_import
    ???
&lt;frozen importlib._bootstrap&gt;:1027: in _find_and_load
    ???
&lt;frozen importlib._bootstrap&gt;:1006: in _find_and_load_unlocked
    ???
&lt;frozen importlib._bootstrap&gt;:688: in _load_unlocked
    ???
C:\Users\thego\AppData\Local\Programs\Python\Python310\lib\site-packages\_pytest\assertion\rewrite.py:186: in exec_module
    exec(co, module.__dict__)
tests\test_utils.py:11: in &lt;module&gt;
    from hypothesis import given, strategies as st
E   ModuleNotFoundError: No module named 'hypothesis'</error></testcase><testcase classname="" name="utils.tests.test_deployment_utils" time="0.000"><error message="collection failure">ImportError while importing test module 'D:\Code_Factory\Generator\utils\tests\test_deployment_utils.py'.
Hint: make sure your test modules/packages have valid Python names.
Traceback:
C:\Users\thego\AppData\Local\Programs\Python\Python310\lib\site-packages\_pytest\python.py:498: in importtestmodule
    mod = import_path(
C:\Users\thego\AppData\Local\Programs\Python\Python310\lib\site-packages\_pytest\pathlib.py:587: in import_path
    importlib.import_module(module_name)
C:\Users\thego\AppData\Local\Programs\Python\Python310\lib\importlib\__init__.py:126: in import_module
    return _bootstrap._gcd_import(name[level:], package, level)
&lt;frozen importlib._bootstrap&gt;:1050: in _gcd_import
    ???
&lt;frozen importlib._bootstrap&gt;:1027: in _find_and_load
    ???
&lt;frozen importlib._bootstrap&gt;:992: in _find_and_load_unlocked
    ???
&lt;frozen importlib._bootstrap&gt;:241: in _call_with_frames_removed
    ???
&lt;frozen importlib._bootstrap&gt;:1050: in _gcd_import
    ???
&lt;frozen importlib._bootstrap&gt;:1027: in _find_and_load
    ???
&lt;frozen importlib._bootstrap&gt;:992: in _find_and_load_unlocked
    ???
&lt;frozen importlib._bootstrap&gt;:241: in _call_with_frames_removed
    ???
&lt;frozen importlib._bootstrap&gt;:1050: in _gcd_import
    ???
&lt;frozen importlib._bootstrap&gt;:1027: in _find_and_load
    ???
&lt;frozen importlib._bootstrap&gt;:1006: in _find_and_load_unlocked
    ???
&lt;frozen importlib._bootstrap&gt;:688: in _load_unlocked
    ???
&lt;frozen importlib._bootstrap_external&gt;:883: in exec_module
    ???
&lt;frozen importlib._bootstrap&gt;:241: in _call_with_frames_removed
    ???
utils\__init__.py:21: in &lt;module&gt;
    import hypothesis.strategies as st
E   ModuleNotFoundError: No module named 'hypothesis'</error></testcase><testcase classname="" name="utils.tests.test_file_utils" time="0.000"><error message="collection failure">ImportError while importing test module 'D:\Code_Factory\Generator\utils\tests\test_file_utils.py'.
Hint: make sure your test modules/packages have valid Python names.
Traceback:
C:\Users\thego\AppData\Local\Programs\Python\Python310\lib\site-packages\_pytest\python.py:498: in importtestmodule
    mod = import_path(
C:\Users\thego\AppData\Local\Programs\Python\Python310\lib\site-packages\_pytest\pathlib.py:587: in import_path
    importlib.import_module(module_name)
C:\Users\thego\AppData\Local\Programs\Python\Python310\lib\importlib\__init__.py:126: in import_module
    return _bootstrap._gcd_import(name[level:], package, level)
&lt;frozen importlib._bootstrap&gt;:1050: in _gcd_import
    ???
&lt;frozen importlib._bootstrap&gt;:1027: in _find_and_load
    ???
&lt;frozen importlib._bootstrap&gt;:992: in _find_and_load_unlocked
    ???
&lt;frozen importlib._bootstrap&gt;:241: in _call_with_frames_removed
    ???
&lt;frozen importlib._bootstrap&gt;:1050: in _gcd_import
    ???
&lt;frozen importlib._bootstrap&gt;:1027: in _find_and_load
    ???
&lt;frozen importlib._bootstrap&gt;:992: in _find_and_load_unlocked
    ???
&lt;frozen importlib._bootstrap&gt;:241: in _call_with_frames_removed
    ???
&lt;frozen importlib._bootstrap&gt;:1050: in _gcd_import
    ???
&lt;frozen importlib._bootstrap&gt;:1027: in _find_and_load
    ???
&lt;frozen importlib._bootstrap&gt;:1006: in _find_and_load_unlocked
    ???
&lt;frozen importlib._bootstrap&gt;:688: in _load_unlocked
    ???
&lt;frozen importlib._bootstrap_external&gt;:883: in exec_module
    ???
&lt;frozen importlib._bootstrap&gt;:241: in _call_with_frames_removed
    ???
utils\__init__.py:21: in &lt;module&gt;
    import hypothesis.strategies as st
E   ModuleNotFoundError: No module named 'hypothesis'</error></testcase><testcase classname="" name="utils.tests.test_input_utils" time="0.000"><error message="collection failure">ImportError while importing test module 'D:\Code_Factory\Generator\utils\tests\test_input_utils.py'.
Hint: make sure your test modules/packages have valid Python names.
Traceback:
C:\Users\thego\AppData\Local\Programs\Python\Python310\lib\site-packages\_pytest\python.py:498: in importtestmodule
    mod = import_path(
C:\Users\thego\AppData\Local\Programs\Python\Python310\lib\site-packages\_pytest\pathlib.py:587: in import_path
    importlib.import_module(module_name)
C:\Users\thego\AppData\Local\Programs\Python\Python310\lib\importlib\__init__.py:126: in import_module
    return _bootstrap._gcd_import(name[level:], package, level)
&lt;frozen importlib._bootstrap&gt;:1050: in _gcd_import
    ???
&lt;frozen importlib._bootstrap&gt;:1027: in _find_and_load
    ???
&lt;frozen importlib._bootstrap&gt;:992: in _find_and_load_unlocked
    ???
&lt;frozen importlib._bootstrap&gt;:241: in _call_with_frames_removed
    ???
&lt;frozen importlib._bootstrap&gt;:1050: in _gcd_import
    ???
&lt;frozen importlib._bootstrap&gt;:1027: in _find_and_load
    ???
&lt;frozen importlib._bootstrap&gt;:992: in _find_and_load_unlocked
    ???
&lt;frozen importlib._bootstrap&gt;:241: in _call_with_frames_removed
    ???
&lt;frozen importlib._bootstrap&gt;:1050: in _gcd_import
    ???
&lt;frozen importlib._bootstrap&gt;:1027: in _find_and_load
    ???
&lt;frozen importlib._bootstrap&gt;:1006: in _find_and_load_unlocked
    ???
&lt;frozen importlib._bootstrap&gt;:688: in _load_unlocked
    ???
&lt;frozen importlib._bootstrap_external&gt;:883: in exec_module
    ???
&lt;frozen importlib._bootstrap&gt;:241: in _call_with_frames_removed
    ???
utils\__init__.py:21: in &lt;module&gt;
    import hypothesis.strategies as st
E   ModuleNotFoundError: No module named 'hypothesis'</error></testcase><testcase classname="" name="utils.tests.test_llm_utils" time="0.000"><error message="collection failure">ImportError while importing test module 'D:\Code_Factory\Generator\utils\tests\test_llm_utils.py'.
Hint: make sure your test modules/packages have valid Python names.
Traceback:
C:\Users\thego\AppData\Local\Programs\Python\Python310\lib\site-packages\_pytest\python.py:498: in importtestmodule
    mod = import_path(
C:\Users\thego\AppData\Local\Programs\Python\Python310\lib\site-packages\_pytest\pathlib.py:587: in import_path
    importlib.import_module(module_name)
C:\Users\thego\AppData\Local\Programs\Python\Python310\lib\importlib\__init__.py:126: in import_module
    return _bootstrap._gcd_import(name[level:], package, level)
&lt;frozen importlib._bootstrap&gt;:1050: in _gcd_import
    ???
&lt;frozen importlib._bootstrap&gt;:1027: in _find_and_load
    ???
&lt;frozen importlib._bootstrap&gt;:992: in _find_and_load_unlocked
    ???
&lt;frozen importlib._bootstrap&gt;:241: in _call_with_frames_removed
    ???
&lt;frozen importlib._bootstrap&gt;:1050: in _gcd_import
    ???
&lt;frozen importlib._bootstrap&gt;:1027: in _find_and_load
    ???
&lt;frozen importlib._bootstrap&gt;:992: in _find_and_load_unlocked
    ???
&lt;frozen importlib._bootstrap&gt;:241: in _call_with_frames_removed
    ???
&lt;frozen importlib._bootstrap&gt;:1050: in _gcd_import
    ???
&lt;frozen importlib._bootstrap&gt;:1027: in _find_and_load
    ???
&lt;frozen importlib._bootstrap&gt;:1006: in _find_and_load_unlocked
    ???
&lt;frozen importlib._bootstrap&gt;:688: in _load_unlocked
    ???
&lt;frozen importlib._bootstrap_external&gt;:883: in exec_module
    ???
&lt;frozen importlib._bootstrap&gt;:241: in _call_with_frames_removed
    ???
utils\__init__.py:21: in &lt;module&gt;
    import hypothesis.strategies as st
E   ModuleNotFoundError: No module named 'hypothesis'</error></testcase><testcase classname="" name="utils.tests.test_observability_utils" time="0.000"><error message="collection failure">ImportError while importing test module 'D:\Code_Factory\Generator\utils\tests\test_observability_utils.py'.
Hint: make sure your test modules/packages have valid Python names.
Traceback:
C:\Users\thego\AppData\Local\Programs\Python\Python310\lib\site-packages\_pytest\python.py:498: in importtestmodule
    mod = import_path(
C:\Users\thego\AppData\Local\Programs\Python\Python310\lib\site-packages\_pytest\pathlib.py:587: in import_path
    importlib.import_module(module_name)
C:\Users\thego\AppData\Local\Programs\Python\Python310\lib\importlib\__init__.py:126: in import_module
    return _bootstrap._gcd_import(name[level:], package, level)
&lt;frozen importlib._bootstrap&gt;:1050: in _gcd_import
    ???
&lt;frozen importlib._bootstrap&gt;:1027: in _find_and_load
    ???
&lt;frozen importlib._bootstrap&gt;:992: in _find_and_load_unlocked
    ???
&lt;frozen importlib._bootstrap&gt;:241: in _call_with_frames_removed
    ???
&lt;frozen importlib._bootstrap&gt;:1050: in _gcd_import
    ???
&lt;frozen importlib._bootstrap&gt;:1027: in _find_and_load
    ???
&lt;frozen importlib._bootstrap&gt;:992: in _find_and_load_unlocked
    ???
&lt;frozen importlib._bootstrap&gt;:241: in _call_with_frames_removed
    ???
&lt;frozen importlib._bootstrap&gt;:1050: in _gcd_import
    ???
&lt;frozen importlib._bootstrap&gt;:1027: in _find_and_load
    ???
&lt;frozen importlib._bootstrap&gt;:1006: in _find_and_load_unlocked
    ???
&lt;frozen importlib._bootstrap&gt;:688: in _load_unlocked
    ???
&lt;frozen importlib._bootstrap_external&gt;:883: in exec_module
    ???
&lt;frozen importlib._bootstrap&gt;:241: in _call_with_frames_removed
    ???
utils\__init__.py:21: in &lt;module&gt;
    import hypothesis.strategies as st
E   ModuleNotFoundError: No module named 'hypothesis'</error></testcase><testcase classname="" name="utils.tests.test_process_utils" time="0.000"><error message="collection failure">ImportError while importing test module 'D:\Code_Factory\Generator\utils\tests\test_process_utils.py'.
Hint: make sure your test modules/packages have valid Python names.
Traceback:
C:\Users\thego\AppData\Local\Programs\Python\Python310\lib\site-packages\_pytest\python.py:498: in importtestmodule
    mod = import_path(
C:\Users\thego\AppData\Local\Programs\Python\Python310\lib\site-packages\_pytest\pathlib.py:587: in import_path
    importlib.import_module(module_name)
C:\Users\thego\AppData\Local\Programs\Python\Python310\lib\importlib\__init__.py:126: in import_module
    return _bootstrap._gcd_import(name[level:], package, level)
&lt;frozen importlib._bootstrap&gt;:1050: in _gcd_import
    ???
&lt;frozen importlib._bootstrap&gt;:1027: in _find_and_load
    ???
&lt;frozen importlib._bootstrap&gt;:992: in _find_and_load_unlocked
    ???
&lt;frozen importlib._bootstrap&gt;:241: in _call_with_frames_removed
    ???
&lt;frozen importlib._bootstrap&gt;:1050: in _gcd_import
    ???
&lt;frozen importlib._bootstrap&gt;:1027: in _find_and_load
    ???
&lt;frozen importlib._bootstrap&gt;:992: in _find_and_load_unlocked
    ???
&lt;frozen importlib._bootstrap&gt;:241: in _call_with_frames_removed
    ???
&lt;frozen importlib._bootstrap&gt;:1050: in _gcd_import
    ???
&lt;frozen importlib._bootstrap&gt;:1027: in _find_and_load
    ???
&lt;frozen importlib._bootstrap&gt;:1006: in _find_and_load_unlocked
    ???
&lt;frozen importlib._bootstrap&gt;:688: in _load_unlocked
    ???
&lt;frozen importlib._bootstrap_external&gt;:883: in exec_module
    ???
&lt;frozen importlib._bootstrap&gt;:241: in _call_with_frames_removed
    ???
utils\__init__.py:21: in &lt;module&gt;
    import hypothesis.strategies as st
E   ModuleNotFoundError: No module named 'hypothesis'</error></testcase><testcase classname="" name="utils.tests.test_security_utils" time="0.000"><error message="collection failure">ImportError while importing test module 'D:\Code_Factory\Generator\utils\tests\test_security_utils.py'.
Hint: make sure your test modules/packages have valid Python names.
Traceback:
C:\Users\thego\AppData\Local\Programs\Python\Python310\lib\site-packages\_pytest\python.py:498: in importtestmodule
    mod = import_path(
C:\Users\thego\AppData\Local\Programs\Python\Python310\lib\site-packages\_pytest\pathlib.py:587: in import_path
    importlib.import_module(module_name)
C:\Users\thego\AppData\Local\Programs\Python\Python310\lib\importlib\__init__.py:126: in import_module
    return _bootstrap._gcd_import(name[level:], package, level)
&lt;frozen importlib._bootstrap&gt;:1050: in _gcd_import
    ???
&lt;frozen importlib._bootstrap&gt;:1027: in _find_and_load
    ???
&lt;frozen importlib._bootstrap&gt;:992: in _find_and_load_unlocked
    ???
&lt;frozen importlib._bootstrap&gt;:241: in _call_with_frames_removed
    ???
&lt;frozen importlib._bootstrap&gt;:1050: in _gcd_import
    ???
&lt;frozen importlib._bootstrap&gt;:1027: in _find_and_load
    ???
&lt;frozen importlib._bootstrap&gt;:992: in _find_and_load_unlocked
    ???
&lt;frozen importlib._bootstrap&gt;:241: in _call_with_frames_removed
    ???
&lt;frozen importlib._bootstrap&gt;:1050: in _gcd_import
    ???
&lt;frozen importlib._bootstrap&gt;:1027: in _find_and_load
    ???
&lt;frozen importlib._bootstrap&gt;:1006: in _find_and_load_unlocked
    ???
&lt;frozen importlib._bootstrap&gt;:688: in _load_unlocked
    ???
&lt;frozen importlib._bootstrap_external&gt;:883: in exec_module
    ???
&lt;frozen importlib._bootstrap&gt;:241: in _call_with_frames_removed
    ???
utils\__init__.py:21: in &lt;module&gt;
    import hypothesis.strategies as st
E   ModuleNotFoundError: No module named 'hypothesis'</error></testcase><testcase classname="" name="utils.tests.test_summarize_utils" time="0.000"><error message="collection failure">ImportError while importing test module 'D:\Code_Factory\Generator\utils\tests\test_summarize_utils.py'.
Hint: make sure your test modules/packages have valid Python names.
Traceback:
C:\Users\thego\AppData\Local\Programs\Python\Python310\lib\site-packages\_pytest\python.py:498: in importtestmodule
    mod = import_path(
C:\Users\thego\AppData\Local\Programs\Python\Python310\lib\site-packages\_pytest\pathlib.py:587: in import_path
    importlib.import_module(module_name)
C:\Users\thego\AppData\Local\Programs\Python\Python310\lib\importlib\__init__.py:126: in import_module
    return _bootstrap._gcd_import(name[level:], package, level)
&lt;frozen importlib._bootstrap&gt;:1050: in _gcd_import
    ???
&lt;frozen importlib._bootstrap&gt;:1027: in _find_and_load
    ???
&lt;frozen importlib._bootstrap&gt;:992: in _find_and_load_unlocked
    ???
&lt;frozen importlib._bootstrap&gt;:241: in _call_with_frames_removed
    ???
&lt;frozen importlib._bootstrap&gt;:1050: in _gcd_import
    ???
&lt;frozen importlib._bootstrap&gt;:1027: in _find_and_load
    ???
&lt;frozen importlib._bootstrap&gt;:992: in _find_and_load_unlocked
    ???
&lt;frozen importlib._bootstrap&gt;:241: in _call_with_frames_removed
    ???
&lt;frozen importlib._bootstrap&gt;:1050: in _gcd_import
    ???
&lt;frozen importlib._bootstrap&gt;:1027: in _find_and_load
    ???
&lt;frozen importlib._bootstrap&gt;:1006: in _find_and_load_unlocked
    ???
&lt;frozen importlib._bootstrap&gt;:688: in _load_unlocked
    ???
&lt;frozen importlib._bootstrap_external&gt;:883: in exec_module
    ???
&lt;frozen importlib._bootstrap&gt;:241: in _call_with_frames_removed
    ???
utils\__init__.py:21: in &lt;module&gt;
    import hypothesis.strategies as st
E   ModuleNotFoundError: No module named 'hypothesis'</error></testcase><testcase classname="" name="utils.tests.test_utils_e2e" time="0.000"><error message="collection failure">ImportError while importing test module 'D:\Code_Factory\Generator\utils\tests\test_utils_e2e.py'.
Hint: make sure your test modules/packages have valid Python names.
Traceback:
C:\Users\thego\AppData\Local\Programs\Python\Python310\lib\site-packages\_pytest\python.py:498: in importtestmodule
    mod = import_path(
C:\Users\thego\AppData\Local\Programs\Python\Python310\lib\site-packages\_pytest\pathlib.py:587: in import_path
    importlib.import_module(module_name)
C:\Users\thego\AppData\Local\Programs\Python\Python310\lib\importlib\__init__.py:126: in import_module
    return _bootstrap._gcd_import(name[level:], package, level)
&lt;frozen importlib._bootstrap&gt;:1050: in _gcd_import
    ???
&lt;frozen importlib._bootstrap&gt;:1027: in _find_and_load
    ???
&lt;frozen importlib._bootstrap&gt;:992: in _find_and_load_unlocked
    ???
&lt;frozen importlib._bootstrap&gt;:241: in _call_with_frames_removed
    ???
&lt;frozen importlib._bootstrap&gt;:1050: in _gcd_import
    ???
&lt;frozen importlib._bootstrap&gt;:1027: in _find_and_load
    ???
&lt;frozen importlib._bootstrap&gt;:992: in _find_and_load_unlocked
    ???
&lt;frozen importlib._bootstrap&gt;:241: in _call_with_frames_removed
    ???
&lt;frozen importlib._bootstrap&gt;:1050: in _gcd_import
    ???
&lt;frozen importlib._bootstrap&gt;:1027: in _find_and_load
    ???
&lt;frozen importlib._bootstrap&gt;:1006: in _find_and_load_unlocked
    ???
&lt;frozen importlib._bootstrap&gt;:688: in _load_unlocked
    ???
&lt;frozen importlib._bootstrap_external&gt;:883: in exec_module
    ???
&lt;frozen importlib._bootstrap&gt;:241: in _call_with_frames_removed
    ???
utils\__init__.py:21: in &lt;module&gt;
    import hypothesis.strategies as st
E   ModuleNotFoundError: No module named 'hypothesis'</error></testcase></testsuite></testsuites>