<?xml version="1.0" encoding="utf-8"?><testsuites name="pytest tests"><testsuite name="pytest" errors="18" failures="0" skipped="0" tests="18" time="3.526" timestamp="2025-11-01T09:57:06.884169-05:00" hostname="DESKTOP-01RQ5CD"><testcase classname="" name="Generator.agents.tests.test_codegen_llm_call" time="0.000"><error message="collection failure">ImportError while importing test module 'C:\Users\thego\Downloads\The_Code_Factory-master\Generator\agents\tests\test_codegen_llm_call.py'.
Hint: make sure your test modules/packages have valid Python names.
Traceback:
omnicore_engine\.venv\lib\site-packages\_pytest\python.py:498: in importtestmodule
    mod = import_path(
omnicore_engine\.venv\lib\site-packages\_pytest\pathlib.py:587: in import_path
    importlib.import_module(module_name)
..\..\AppData\Local\Programs\Python\Python310\lib\importlib\__init__.py:126: in import_module
    return _bootstrap._gcd_import(name[level:], package, level)
&lt;frozen importlib._bootstrap&gt;:1050: in _gcd_import
    ???
&lt;frozen importlib._bootstrap&gt;:1027: in _find_and_load
    ???
&lt;frozen importlib._bootstrap&gt;:1006: in _find_and_load_unlocked
    ???
&lt;frozen importlib._bootstrap&gt;:688: in _load_unlocked
    ???
omnicore_engine\.venv\lib\site-packages\_pytest\assertion\rewrite.py:186: in exec_module
    exec(co, module.__dict__)
Generator\agents\tests\test_codegen_llm_call.py:29: in &lt;module&gt;
    from agents.codegen_agent.codegen_llm_call import (
Generator\agents\codegen_agent\__init__.py:3: in &lt;module&gt;
    from .codegen_agent import (
Generator\agents\codegen_agent\codegen_agent.py:29: in &lt;module&gt;
    import backoff
E   ModuleNotFoundError: No module named 'backoff'</error></testcase><testcase classname="" name="Generator.agents.tests.test_codegen_prompt" time="0.000"><error message="collection failure">ImportError while importing test module 'C:\Users\thego\Downloads\The_Code_Factory-master\Generator\agents\tests\test_codegen_prompt.py'.
Hint: make sure your test modules/packages have valid Python names.
Traceback:
omnicore_engine\.venv\lib\site-packages\_pytest\python.py:498: in importtestmodule
    mod = import_path(
omnicore_engine\.venv\lib\site-packages\_pytest\pathlib.py:587: in import_path
    importlib.import_module(module_name)
..\..\AppData\Local\Programs\Python\Python310\lib\importlib\__init__.py:126: in import_module
    return _bootstrap._gcd_import(name[level:], package, level)
&lt;frozen importlib._bootstrap&gt;:1050: in _gcd_import
    ???
&lt;frozen importlib._bootstrap&gt;:1027: in _find_and_load
    ???
&lt;frozen importlib._bootstrap&gt;:1006: in _find_and_load_unlocked
    ???
&lt;frozen importlib._bootstrap&gt;:688: in _load_unlocked
    ???
omnicore_engine\.venv\lib\site-packages\_pytest\assertion\rewrite.py:186: in exec_module
    exec(co, module.__dict__)
Generator\agents\tests\test_codegen_prompt.py:24: in &lt;module&gt;
    from agents.codegen_prompt import (
E   ModuleNotFoundError: No module named 'agents.codegen_prompt'</error></testcase><testcase classname="" name="Generator.agents.tests.test_codegen_response_handler" time="0.000"><error message="collection failure">ImportError while importing test module 'C:\Users\thego\Downloads\The_Code_Factory-master\Generator\agents\tests\test_codegen_response_handler.py'.
Hint: make sure your test modules/packages have valid Python names.
Traceback:
omnicore_engine\.venv\lib\site-packages\_pytest\python.py:498: in importtestmodule
    mod = import_path(
omnicore_engine\.venv\lib\site-packages\_pytest\pathlib.py:587: in import_path
    importlib.import_module(module_name)
..\..\AppData\Local\Programs\Python\Python310\lib\importlib\__init__.py:126: in import_module
    return _bootstrap._gcd_import(name[level:], package, level)
&lt;frozen importlib._bootstrap&gt;:1050: in _gcd_import
    ???
&lt;frozen importlib._bootstrap&gt;:1027: in _find_and_load
    ???
&lt;frozen importlib._bootstrap&gt;:1006: in _find_and_load_unlocked
    ???
&lt;frozen importlib._bootstrap&gt;:688: in _load_unlocked
    ???
omnicore_engine\.venv\lib\site-packages\_pytest\assertion\rewrite.py:186: in exec_module
    exec(co, module.__dict__)
Generator\agents\tests\test_codegen_response_handler.py:20: in &lt;module&gt;
    from agents.codegen_response_handler import (
E   ModuleNotFoundError: No module named 'agents.codegen_response_handler'</error></testcase><testcase classname="" name="Generator.agents.tests.test_critique_agent" time="0.000"><error message="collection failure">ImportError while importing test module 'C:\Users\thego\Downloads\The_Code_Factory-master\Generator\agents\tests\test_critique_agent.py'.
Hint: make sure your test modules/packages have valid Python names.
Traceback:
omnicore_engine\.venv\lib\site-packages\_pytest\python.py:498: in importtestmodule
    mod = import_path(
omnicore_engine\.venv\lib\site-packages\_pytest\pathlib.py:587: in import_path
    importlib.import_module(module_name)
..\..\AppData\Local\Programs\Python\Python310\lib\importlib\__init__.py:126: in import_module
    return _bootstrap._gcd_import(name[level:], package, level)
&lt;frozen importlib._bootstrap&gt;:1050: in _gcd_import
    ???
&lt;frozen importlib._bootstrap&gt;:1027: in _find_and_load
    ???
&lt;frozen importlib._bootstrap&gt;:1006: in _find_and_load_unlocked
    ???
&lt;frozen importlib._bootstrap&gt;:688: in _load_unlocked
    ???
omnicore_engine\.venv\lib\site-packages\_pytest\assertion\rewrite.py:186: in exec_module
    exec(co, module.__dict__)
Generator\agents\tests\test_critique_agent.py:12: in &lt;module&gt;
    from critique_agent import (
E   ImportError: cannot import name 'CritiqueConfig' from 'critique_agent' (C:\Users\thego\Downloads\The_Code_Factory-master\Generator\agents\critique_agent\__init__.py)</error></testcase><testcase classname="" name="Generator.agents.tests.test_critique_fixer" time="0.000"><error message="collection failure">ImportError while importing test module 'C:\Users\thego\Downloads\The_Code_Factory-master\Generator\agents\tests\test_critique_fixer.py'.
Hint: make sure your test modules/packages have valid Python names.
Traceback:
omnicore_engine\.venv\lib\site-packages\_pytest\python.py:498: in importtestmodule
    mod = import_path(
omnicore_engine\.venv\lib\site-packages\_pytest\pathlib.py:587: in import_path
    importlib.import_module(module_name)
..\..\AppData\Local\Programs\Python\Python310\lib\importlib\__init__.py:126: in import_module
    return _bootstrap._gcd_import(name[level:], package, level)
&lt;frozen importlib._bootstrap&gt;:1050: in _gcd_import
    ???
&lt;frozen importlib._bootstrap&gt;:1027: in _find_and_load
    ???
&lt;frozen importlib._bootstrap&gt;:1006: in _find_and_load_unlocked
    ???
&lt;frozen importlib._bootstrap&gt;:688: in _load_unlocked
    ???
omnicore_engine\.venv\lib\site-packages\_pytest\assertion\rewrite.py:186: in exec_module
    exec(co, module.__dict__)
Generator\agents\tests\test_critique_fixer.py:15: in &lt;module&gt;
    from critique_fixer import (
E   ModuleNotFoundError: No module named 'critique_fixer'</error></testcase><testcase classname="" name="Generator.agents.tests.test_critique_integration" time="0.000"><error message="collection failure">ImportError while importing test module 'C:\Users\thego\Downloads\The_Code_Factory-master\Generator\agents\tests\test_critique_integration.py'.
Hint: make sure your test modules/packages have valid Python names.
Traceback:
omnicore_engine\.venv\lib\site-packages\_pytest\python.py:498: in importtestmodule
    mod = import_path(
omnicore_engine\.venv\lib\site-packages\_pytest\pathlib.py:587: in import_path
    importlib.import_module(module_name)
..\..\AppData\Local\Programs\Python\Python310\lib\importlib\__init__.py:126: in import_module
    return _bootstrap._gcd_import(name[level:], package, level)
&lt;frozen importlib._bootstrap&gt;:1050: in _gcd_import
    ???
&lt;frozen importlib._bootstrap&gt;:1027: in _find_and_load
    ???
&lt;frozen importlib._bootstrap&gt;:1006: in _find_and_load_unlocked
    ???
&lt;frozen importlib._bootstrap&gt;:688: in _load_unlocked
    ???
omnicore_engine\.venv\lib\site-packages\_pytest\assertion\rewrite.py:186: in exec_module
    exec(co, module.__dict__)
Generator\agents\tests\test_critique_integration.py:15: in &lt;module&gt;
    from critique_agent import (
E   ImportError: cannot import name 'orchestrate_critique_pipeline' from 'critique_agent' (C:\Users\thego\Downloads\The_Code_Factory-master\Generator\agents\critique_agent\__init__.py)</error></testcase><testcase classname="" name="Generator.agents.tests.test_critique_linter" time="0.000"><error message="collection failure">ImportError while importing test module 'C:\Users\thego\Downloads\The_Code_Factory-master\Generator\agents\tests\test_critique_linter.py'.
Hint: make sure your test modules/packages have valid Python names.
Traceback:
omnicore_engine\.venv\lib\site-packages\_pytest\python.py:498: in importtestmodule
    mod = import_path(
omnicore_engine\.venv\lib\site-packages\_pytest\pathlib.py:587: in import_path
    importlib.import_module(module_name)
..\..\AppData\Local\Programs\Python\Python310\lib\importlib\__init__.py:126: in import_module
    return _bootstrap._gcd_import(name[level:], package, level)
&lt;frozen importlib._bootstrap&gt;:1050: in _gcd_import
    ???
&lt;frozen importlib._bootstrap&gt;:1027: in _find_and_load
    ???
&lt;frozen importlib._bootstrap&gt;:1006: in _find_and_load_unlocked
    ???
&lt;frozen importlib._bootstrap&gt;:688: in _load_unlocked
    ???
omnicore_engine\.venv\lib\site-packages\_pytest\assertion\rewrite.py:186: in exec_module
    exec(co, module.__dict__)
Generator\agents\tests\test_critique_linter.py:14: in &lt;module&gt;
    from critique_linter import (
E   ModuleNotFoundError: No module named 'critique_linter'</error></testcase><testcase classname="" name="Generator.agents.tests.test_critique_llm_call" time="0.000"><error message="collection failure">ImportError while importing test module 'C:\Users\thego\Downloads\The_Code_Factory-master\Generator\agents\tests\test_critique_llm_call.py'.
Hint: make sure your test modules/packages have valid Python names.
Traceback:
omnicore_engine\.venv\lib\site-packages\_pytest\python.py:498: in importtestmodule
    mod = import_path(
omnicore_engine\.venv\lib\site-packages\_pytest\pathlib.py:587: in import_path
    importlib.import_module(module_name)
..\..\AppData\Local\Programs\Python\Python310\lib\importlib\__init__.py:126: in import_module
    return _bootstrap._gcd_import(name[level:], package, level)
&lt;frozen importlib._bootstrap&gt;:1050: in _gcd_import
    ???
&lt;frozen importlib._bootstrap&gt;:1027: in _find_and_load
    ???
&lt;frozen importlib._bootstrap&gt;:1006: in _find_and_load_unlocked
    ???
&lt;frozen importlib._bootstrap&gt;:688: in _load_unlocked
    ???
omnicore_engine\.venv\lib\site-packages\_pytest\assertion\rewrite.py:186: in exec_module
    exec(co, module.__dict__)
Generator\agents\tests\test_critique_llm_call.py:16: in &lt;module&gt;
    from critique_llm_call import (
E   ModuleNotFoundError: No module named 'critique_llm_call'</error></testcase><testcase classname="" name="Generator.agents.tests.test_critique_prompt" time="0.000"><error message="collection failure">ImportError while importing test module 'C:\Users\thego\Downloads\The_Code_Factory-master\Generator\agents\tests\test_critique_prompt.py'.
Hint: make sure your test modules/packages have valid Python names.
Traceback:
omnicore_engine\.venv\lib\site-packages\_pytest\python.py:498: in importtestmodule
    mod = import_path(
omnicore_engine\.venv\lib\site-packages\_pytest\pathlib.py:587: in import_path
    importlib.import_module(module_name)
..\..\AppData\Local\Programs\Python\Python310\lib\importlib\__init__.py:126: in import_module
    return _bootstrap._gcd_import(name[level:], package, level)
&lt;frozen importlib._bootstrap&gt;:1050: in _gcd_import
    ???
&lt;frozen importlib._bootstrap&gt;:1027: in _find_and_load
    ???
&lt;frozen importlib._bootstrap&gt;:1006: in _find_and_load_unlocked
    ???
&lt;frozen importlib._bootstrap&gt;:688: in _load_unlocked
    ???
omnicore_engine\.venv\lib\site-packages\_pytest\assertion\rewrite.py:186: in exec_module
    exec(co, module.__dict__)
Generator\agents\tests\test_critique_prompt.py:16: in &lt;module&gt;
    from critique_prompt import (
E   ModuleNotFoundError: No module named 'critique_prompt'</error></testcase><testcase classname="" name="Generator.agents.tests.test_deploy_agent" time="0.000"><error message="collection failure">ImportError while importing test module 'C:\Users\thego\Downloads\The_Code_Factory-master\Generator\agents\tests\test_deploy_agent.py'.
Hint: make sure your test modules/packages have valid Python names.
Traceback:
omnicore_engine\.venv\lib\site-packages\_pytest\python.py:498: in importtestmodule
    mod = import_path(
omnicore_engine\.venv\lib\site-packages\_pytest\pathlib.py:587: in import_path
    importlib.import_module(module_name)
..\..\AppData\Local\Programs\Python\Python310\lib\importlib\__init__.py:126: in import_module
    return _bootstrap._gcd_import(name[level:], package, level)
&lt;frozen importlib._bootstrap&gt;:1050: in _gcd_import
    ???
&lt;frozen importlib._bootstrap&gt;:1027: in _find_and_load
    ???
&lt;frozen importlib._bootstrap&gt;:1006: in _find_and_load_unlocked
    ???
&lt;frozen importlib._bootstrap&gt;:688: in _load_unlocked
    ???
omnicore_engine\.venv\lib\site-packages\_pytest\assertion\rewrite.py:186: in exec_module
    exec(co, module.__dict__)
Generator\agents\tests\test_deploy_agent.py:35: in &lt;module&gt;
    from test_fixtures import (
E   ModuleNotFoundError: No module named 'test_fixtures'</error></testcase><testcase classname="" name="Generator.agents.tests.test_deploy_llm_call" time="0.000"><error message="collection failure">ImportError while importing test module 'C:\Users\thego\Downloads\The_Code_Factory-master\Generator\agents\tests\test_deploy_llm_call.py'.
Hint: make sure your test modules/packages have valid Python names.
Traceback:
omnicore_engine\.venv\lib\site-packages\_pytest\python.py:498: in importtestmodule
    mod = import_path(
omnicore_engine\.venv\lib\site-packages\_pytest\pathlib.py:587: in import_path
    importlib.import_module(module_name)
..\..\AppData\Local\Programs\Python\Python310\lib\importlib\__init__.py:126: in import_module
    return _bootstrap._gcd_import(name[level:], package, level)
&lt;frozen importlib._bootstrap&gt;:1050: in _gcd_import
    ???
&lt;frozen importlib._bootstrap&gt;:1027: in _find_and_load
    ???
&lt;frozen importlib._bootstrap&gt;:1006: in _find_and_load_unlocked
    ???
&lt;frozen importlib._bootstrap&gt;:688: in _load_unlocked
    ???
omnicore_engine\.venv\lib\site-packages\_pytest\assertion\rewrite.py:186: in exec_module
    exec(co, module.__dict__)
Generator\agents\tests\test_deploy_llm_call.py:39: in &lt;module&gt;
    from deploy_llm_call import (
E   ModuleNotFoundError: No module named 'deploy_llm_call'</error></testcase><testcase classname="" name="Generator.agents.tests.test_deploy_prompt" time="0.000"><error message="collection failure">ImportError while importing test module 'C:\Users\thego\Downloads\The_Code_Factory-master\Generator\agents\tests\test_deploy_prompt.py'.
Hint: make sure your test modules/packages have valid Python names.
Traceback:
omnicore_engine\.venv\lib\site-packages\_pytest\python.py:498: in importtestmodule
    mod = import_path(
omnicore_engine\.venv\lib\site-packages\_pytest\pathlib.py:587: in import_path
    importlib.import_module(module_name)
..\..\AppData\Local\Programs\Python\Python310\lib\importlib\__init__.py:126: in import_module
    return _bootstrap._gcd_import(name[level:], package, level)
&lt;frozen importlib._bootstrap&gt;:1050: in _gcd_import
    ???
&lt;frozen importlib._bootstrap&gt;:1027: in _find_and_load
    ???
&lt;frozen importlib._bootstrap&gt;:1006: in _find_and_load_unlocked
    ???
&lt;frozen importlib._bootstrap&gt;:688: in _load_unlocked
    ???
omnicore_engine\.venv\lib\site-packages\_pytest\assertion\rewrite.py:186: in exec_module
    exec(co, module.__dict__)
Generator\agents\tests\test_deploy_prompt.py:42: in &lt;module&gt;
    from deploy_prompt import (
E   ModuleNotFoundError: No module named 'deploy_prompt'</error></testcase><testcase classname="" name="Generator.agents.tests.test_deploy_response_handler" time="0.000"><error message="collection failure">omnicore_engine\.venv\lib\site-packages\_pytest\python.py:498: in importtestmodule
    mod = import_path(
omnicore_engine\.venv\lib\site-packages\_pytest\pathlib.py:587: in import_path
    importlib.import_module(module_name)
..\..\AppData\Local\Programs\Python\Python310\lib\importlib\__init__.py:126: in import_module
    return _bootstrap._gcd_import(name[level:], package, level)
&lt;frozen importlib._bootstrap&gt;:1050: in _gcd_import
    ???
&lt;frozen importlib._bootstrap&gt;:1027: in _find_and_load
    ???
&lt;frozen importlib._bootstrap&gt;:1006: in _find_and_load_unlocked
    ???
&lt;frozen importlib._bootstrap&gt;:688: in _load_unlocked
    ???
omnicore_engine\.venv\lib\site-packages\_pytest\assertion\rewrite.py:177: in exec_module
    source_stat, co = _rewrite_test(fn, self.config)
omnicore_engine\.venv\lib\site-packages\_pytest\assertion\rewrite.py:357: in _rewrite_test
    tree = ast.parse(source, filename=strfn)
..\..\AppData\Local\Programs\Python\Python310\lib\ast.py:50: in parse
    return compile(source, filename, mode, flags,
E     File "C:\Users\thego\Downloads\The_Code_Factory-master\Generator\agents\tests\test_deploy_response_handler.py", line 911
E       (ConfigFactory.create_dockerfile(), "dockerfile"),
E       ^^^^^^^^^^^^^^^^^^^^^^^^^^^^^^^^^
E   SyntaxError: did you forget parentheses around the comprehension target?</error></testcase><testcase classname="" name="Generator.agents.tests.test_deployment_intergration_codegen" time="0.000"><error message="collection failure">ImportError while importing test module 'C:\Users\thego\Downloads\The_Code_Factory-master\Generator\agents\tests\test_deployment_intergration_codegen.py'.
Hint: make sure your test modules/packages have valid Python names.
Traceback:
omnicore_engine\.venv\lib\site-packages\_pytest\python.py:498: in importtestmodule
    mod = import_path(
omnicore_engine\.venv\lib\site-packages\_pytest\pathlib.py:587: in import_path
    importlib.import_module(module_name)
..\..\AppData\Local\Programs\Python\Python310\lib\importlib\__init__.py:126: in import_module
    return _bootstrap._gcd_import(name[level:], package, level)
&lt;frozen importlib._bootstrap&gt;:1050: in _gcd_import
    ???
&lt;frozen importlib._bootstrap&gt;:1027: in _find_and_load
    ???
&lt;frozen importlib._bootstrap&gt;:1006: in _find_and_load_unlocked
    ???
&lt;frozen importlib._bootstrap&gt;:688: in _load_unlocked
    ???
omnicore_engine\.venv\lib\site-packages\_pytest\assertion\rewrite.py:186: in exec_module
    exec(co, module.__dict__)
Generator\agents\tests\test_deployment_intergration_codegen.py:26: in &lt;module&gt;
    from agents.codegen_agent import generate_code
Generator\agents\codegen_agent\__init__.py:3: in &lt;module&gt;
    from .codegen_agent import (
Generator\agents\codegen_agent\codegen_agent.py:29: in &lt;module&gt;
    import backoff
E   ModuleNotFoundError: No module named 'backoff'</error></testcase><testcase classname="" name="Generator.agents.tests.test_docgen_agent" time="0.000"><error message="collection failure">ImportError while importing test module 'C:\Users\thego\Downloads\The_Code_Factory-master\Generator\agents\tests\test_docgen_agent.py'.
Hint: make sure your test modules/packages have valid Python names.
Traceback:
omnicore_engine\.venv\lib\site-packages\_pytest\python.py:498: in importtestmodule
    mod = import_path(
omnicore_engine\.venv\lib\site-packages\_pytest\pathlib.py:587: in import_path
    importlib.import_module(module_name)
..\..\AppData\Local\Programs\Python\Python310\lib\importlib\__init__.py:126: in import_module
    return _bootstrap._gcd_import(name[level:], package, level)
&lt;frozen importlib._bootstrap&gt;:1050: in _gcd_import
    ???
&lt;frozen importlib._bootstrap&gt;:1027: in _find_and_load
    ???
&lt;frozen importlib._bootstrap&gt;:1006: in _find_and_load_unlocked
    ???
&lt;frozen importlib._bootstrap&gt;:688: in _load_unlocked
    ???
omnicore_engine\.venv\lib\site-packages\_pytest\assertion\rewrite.py:186: in exec_module
    exec(co, module.__dict__)
Generator\agents\tests\test_docgen_agent.py:50: in &lt;module&gt;
    from aioresponses import aioresponses
E   ModuleNotFoundError: No module named 'aioresponses'</error></testcase><testcase classname="" name="Generator.agents.tests.test_docgen_integration" time="0.000"><error message="collection failure">omnicore_engine\.venv\lib\site-packages\_pytest\python.py:498: in importtestmodule
    mod = import_path(
omnicore_engine\.venv\lib\site-packages\_pytest\pathlib.py:587: in import_path
    importlib.import_module(module_name)
..\..\AppData\Local\Programs\Python\Python310\lib\importlib\__init__.py:126: in import_module
    return _bootstrap._gcd_import(name[level:], package, level)
&lt;frozen importlib._bootstrap&gt;:1050: in _gcd_import
    ???
&lt;frozen importlib._bootstrap&gt;:1027: in _find_and_load
    ???
&lt;frozen importlib._bootstrap&gt;:1006: in _find_and_load_unlocked
    ???
&lt;frozen importlib._bootstrap&gt;:688: in _load_unlocked
    ???
omnicore_engine\.venv\lib\site-packages\_pytest\assertion\rewrite.py:177: in exec_module
    source_stat, co = _rewrite_test(fn, self.config)
omnicore_engine\.venv\lib\site-packages\_pytest\assertion\rewrite.py:357: in _rewrite_test
    tree = ast.parse(source, filename=strfn)
..\..\AppData\Local\Programs\Python\Python310\lib\ast.py:50: in parse
    return compile(source, filename, mode, flags,
E     File "C:\Users\thego\Downloads\The_Code_Factory-master\Generator\agents\tests\test_docgen_integration.py", line 223
E       readme.write_text("""
E                         ^
E   SyntaxError: unterminated triple-quoted string literal (detected at line 231)</error></testcase><testcase classname="" name="Generator.agents.tests.test_docgen_llm_call" time="0.000"><error message="collection failure">ImportError while importing test module 'C:\Users\thego\Downloads\The_Code_Factory-master\Generator\agents\tests\test_docgen_llm_call.py'.
Hint: make sure your test modules/packages have valid Python names.
Traceback:
omnicore_engine\.venv\lib\site-packages\_pytest\python.py:498: in importtestmodule
    mod = import_path(
omnicore_engine\.venv\lib\site-packages\_pytest\pathlib.py:587: in import_path
    importlib.import_module(module_name)
..\..\AppData\Local\Programs\Python\Python310\lib\importlib\__init__.py:126: in import_module
    return _bootstrap._gcd_import(name[level:], package, level)
&lt;frozen importlib._bootstrap&gt;:1050: in _gcd_import
    ???
&lt;frozen importlib._bootstrap&gt;:1027: in _find_and_load
    ???
&lt;frozen importlib._bootstrap&gt;:1006: in _find_and_load_unlocked
    ???
&lt;frozen importlib._bootstrap&gt;:688: in _load_unlocked
    ???
omnicore_engine\.venv\lib\site-packages\_pytest\assertion\rewrite.py:186: in exec_module
    exec(co, module.__dict__)
Generator\agents\tests\test_docgen_llm_call.py:56: in &lt;module&gt;
    from aioresponses import aioresponses
E   ModuleNotFoundError: No module named 'aioresponses'</error></testcase><testcase classname="pytest" name="internal" time="0.000"><error message="internal error">Traceback (most recent call last):
  File "C:\Users\thego\Downloads\The_Code_Factory-master\Generator\agents\tests\test_docgen_prompt.py", line 70, in &lt;module&gt;
    from docgen_prompt import (
ModuleNotFoundError: No module named 'docgen_prompt'

During handling of the above exception, another exception occurred:

Traceback (most recent call last):
  File "C:\Users\thego\Downloads\The_Code_Factory-master\omnicore_engine\.venv\lib\site-packages\_pytest\main.py", line 289, in wrap_session
    session.exitstatus = doit(config, session) or 0
  File "C:\Users\thego\Downloads\The_Code_Factory-master\omnicore_engine\.venv\lib\site-packages\_pytest\main.py", line 342, in _main
    config.hook.pytest_collection(session=session)
  File "C:\Users\thego\Downloads\The_Code_Factory-master\omnicore_engine\.venv\lib\site-packages\pluggy\_hooks.py", line 512, in __call__
    return self._hookexec(self.name, self._hookimpls.copy(), kwargs, firstresult)
  File "C:\Users\thego\Downloads\The_Code_Factory-master\omnicore_engine\.venv\lib\site-packages\pluggy\_manager.py", line 120, in _hookexec
    return self._inner_hookexec(hook_name, methods, kwargs, firstresult)
  File "C:\Users\thego\Downloads\The_Code_Factory-master\omnicore_engine\.venv\lib\site-packages\pluggy\_callers.py", line 167, in _multicall
    raise exception
  File "C:\Users\thego\Downloads\The_Code_Factory-master\omnicore_engine\.venv\lib\site-packages\pluggy\_callers.py", line 139, in _multicall
    teardown.throw(exception)
  File "C:\Users\thego\Downloads\The_Code_Factory-master\omnicore_engine\.venv\lib\site-packages\_pytest\logging.py", line 788, in pytest_collection
    return (yield)
  File "C:\Users\thego\Downloads\The_Code_Factory-master\omnicore_engine\.venv\lib\site-packages\pluggy\_callers.py", line 139, in _multicall
    teardown.throw(exception)
  File "C:\Users\thego\Downloads\The_Code_Factory-master\omnicore_engine\.venv\lib\site-packages\_pytest\warnings.py", line 99, in pytest_collection
    return (yield)
  File "C:\Users\thego\Downloads\The_Code_Factory-master\omnicore_engine\.venv\lib\site-packages\pluggy\_callers.py", line 139, in _multicall
    teardown.throw(exception)
  File "C:\Users\thego\Downloads\The_Code_Factory-master\omnicore_engine\.venv\lib\site-packages\_pytest\config\__init__.py", line 1450, in pytest_collection
    return (yield)
  File "C:\Users\thego\Downloads\The_Code_Factory-master\omnicore_engine\.venv\lib\site-packages\pluggy\_callers.py", line 121, in _multicall
    res = hook_impl.function(*args)
  File "C:\Users\thego\Downloads\The_Code_Factory-master\omnicore_engine\.venv\lib\site-packages\_pytest\main.py", line 353, in pytest_collection
    session.perform_collect()
  File "C:\Users\thego\Downloads\The_Code_Factory-master\omnicore_engine\.venv\lib\site-packages\_pytest\main.py", line 813, in perform_collect
    self.items.extend(self.genitems(node))
  File "C:\Users\thego\Downloads\The_Code_Factory-master\omnicore_engine\.venv\lib\site-packages\_pytest\main.py", line 979, in genitems
    yield from self.genitems(subnode)
  File "C:\Users\thego\Downloads\The_Code_Factory-master\omnicore_engine\.venv\lib\site-packages\_pytest\main.py", line 979, in genitems
    yield from self.genitems(subnode)
  File "C:\Users\thego\Downloads\The_Code_Factory-master\omnicore_engine\.venv\lib\site-packages\_pytest\main.py", line 979, in genitems
    yield from self.genitems(subnode)
  [Previous line repeated 1 more time]
  File "C:\Users\thego\Downloads\The_Code_Factory-master\omnicore_engine\.venv\lib\site-packages\_pytest\main.py", line 974, in genitems
    rep, duplicate = self._collect_one_node(node, handle_dupes)
  File "C:\Users\thego\Downloads\The_Code_Factory-master\omnicore_engine\.venv\lib\site-packages\_pytest\main.py", line 839, in _collect_one_node
    rep = collect_one_node(node)
  File "C:\Users\thego\Downloads\The_Code_Factory-master\omnicore_engine\.venv\lib\site-packages\_pytest\runner.py", line 567, in collect_one_node
    rep: CollectReport = ihook.pytest_make_collect_report(collector=collector)
  File "C:\Users\thego\Downloads\The_Code_Factory-master\omnicore_engine\.venv\lib\site-packages\pluggy\_hooks.py", line 512, in __call__
    return self._hookexec(self.name, self._hookimpls.copy(), kwargs, firstresult)
  File "C:\Users\thego\Downloads\The_Code_Factory-master\omnicore_engine\.venv\lib\site-packages\pluggy\_manager.py", line 120, in _hookexec
    return self._inner_hookexec(hook_name, methods, kwargs, firstresult)
  File "C:\Users\thego\Downloads\The_Code_Factory-master\omnicore_engine\.venv\lib\site-packages\pluggy\_callers.py", line 167, in _multicall
    raise exception
  File "C:\Users\thego\Downloads\The_Code_Factory-master\omnicore_engine\.venv\lib\site-packages\pluggy\_callers.py", line 139, in _multicall
    teardown.throw(exception)
  File "C:\Users\thego\Downloads\The_Code_Factory-master\omnicore_engine\.venv\lib\site-packages\_pytest\capture.py", line 880, in pytest_make_collect_report
    rep = yield
  File "C:\Users\thego\Downloads\The_Code_Factory-master\omnicore_engine\.venv\lib\site-packages\pluggy\_callers.py", line 121, in _multicall
    res = hook_impl.function(*args)
  File "C:\Users\thego\Downloads\The_Code_Factory-master\omnicore_engine\.venv\lib\site-packages\_pytest\runner.py", line 391, in pytest_make_collect_report
    call = CallInfo.from_call(
  File "C:\Users\thego\Downloads\The_Code_Factory-master\omnicore_engine\.venv\lib\site-packages\_pytest\runner.py", line 344, in from_call
    result: TResult | None = func()
  File "C:\Users\thego\Downloads\The_Code_Factory-master\omnicore_engine\.venv\lib\site-packages\_pytest\runner.py", line 389, in collect
    return list(collector.collect())
  File "C:\Users\thego\Downloads\The_Code_Factory-master\omnicore_engine\.venv\lib\site-packages\_pytest\python.py", line 554, in collect
    self._register_setup_module_fixture()
  File "C:\Users\thego\Downloads\The_Code_Factory-master\omnicore_engine\.venv\lib\site-packages\_pytest\python.py", line 567, in _register_setup_module_fixture
    self.obj, ("setUpModule", "setup_module")
  File "C:\Users\thego\Downloads\The_Code_Factory-master\omnicore_engine\.venv\lib\site-packages\_pytest\python.py", line 280, in obj
    self._obj = obj = self._getobj()
  File "C:\Users\thego\Downloads\The_Code_Factory-master\omnicore_engine\.venv\lib\site-packages\_pytest\python.py", line 551, in _getobj
    return importtestmodule(self.path, self.config)
  File "C:\Users\thego\Downloads\The_Code_Factory-master\omnicore_engine\.venv\lib\site-packages\_pytest\python.py", line 498, in importtestmodule
    mod = import_path(
  File "C:\Users\thego\Downloads\The_Code_Factory-master\omnicore_engine\.venv\lib\site-packages\_pytest\pathlib.py", line 587, in import_path
    importlib.import_module(module_name)
  File "C:\Users\thego\AppData\Local\Programs\Python\Python310\lib\importlib\__init__.py", line 126, in import_module
    return _bootstrap._gcd_import(name[level:], package, level)
  File "&lt;frozen importlib._bootstrap&gt;", line 1050, in _gcd_import
  File "&lt;frozen importlib._bootstrap&gt;", line 1027, in _find_and_load
  File "&lt;frozen importlib._bootstrap&gt;", line 1006, in _find_and_load_unlocked
  File "&lt;frozen importlib._bootstrap&gt;", line 688, in _load_unlocked
  File "C:\Users\thego\Downloads\The_Code_Factory-master\omnicore_engine\.venv\lib\site-packages\_pytest\assertion\rewrite.py", line 186, in exec_module
    exec(co, module.__dict__)
  File "C:\Users\thego\Downloads\The_Code_Factory-master\Generator\agents\tests\test_docgen_prompt.py", line 98, in &lt;module&gt;
    sys.exit(1)
SystemExit: 1</error></testcase></testsuite></testsuites>